{"/Users/ochaart/hackreactor/catwalk/client/src/components/Sidebar.jsx": {"path":"/Users/ochaart/hackreactor/catwalk/client/src/components/Sidebar.jsx","statementMap":{"0":{"start":{"line":13,"column":4},"end":{"line":13,"column":17}},"1":{"start":{"line":14,"column":4},"end":{"line":16,"column":6}},"2":{"start":{"line":20,"column":37},"end":{"line":20,"column":46}},"3":{"start":{"line":21,"column":27},"end":{"line":21,"column":38}},"4":{"start":{"line":22,"column":40},"end":{"line":22,"column":50}},"5":{"start":{"line":23,"column":30},"end":{"line":23,"column":44}},"6":{"start":{"line":25,"column":4},"end":{"line":38,"column":5}},"7":{"start":{"line":26,"column":6},"end":{"line":37,"column":11}},"8":{"start":{"line":31,"column":10},"end":{"line":33,"column":13}},"9":{"start":{"line":36,"column":10},"end":{"line":36,"column":20}},"10":{"start":{"line":42,"column":23},"end":{"line":42,"column":33}},"11":{"start":{"line":43,"column":29},"end":{"line":43,"column":39}},"12":{"start":{"line":44,"column":35},"end":{"line":44,"column":45}},"13":{"start":{"line":45,"column":24},"end":{"line":45,"column":34}},"14":{"start":{"line":47,"column":4},"end":{"line":49,"column":5}},"15":{"start":{"line":48,"column":6},"end":{"line":48,"column":18}},"16":{"start":{"line":50,"column":40},"end":{"line":50,"column":52}},"17":{"start":{"line":52,"column":4},"end":{"line":66,"column":6}},"18":{"start":{"line":69,"column":0},"end":{"line":96,"column":2}},"19":{"start":{"line":98,"column":0},"end":{"line":102,"column":2}}},"fnMap":{"0":{"name":"(anonymous_0)","decl":{"start":{"line":12,"column":2},"end":{"line":12,"column":3}},"loc":{"start":{"line":12,"column":21},"end":{"line":17,"column":3}},"line":12},"1":{"name":"(anonymous_1)","decl":{"start":{"line":19,"column":2},"end":{"line":19,"column":3}},"loc":{"start":{"line":19,"column":32},"end":{"line":39,"column":3}},"line":19},"2":{"name":"(anonymous_2)","decl":{"start":{"line":30,"column":14},"end":{"line":30,"column":15}},"loc":{"start":{"line":30,"column":28},"end":{"line":34,"column":9}},"line":30},"3":{"name":"(anonymous_3)","decl":{"start":{"line":35,"column":15},"end":{"line":35,"column":16}},"loc":{"start":{"line":35,"column":24},"end":{"line":37,"column":9}},"line":35},"4":{"name":"(anonymous_4)","decl":{"start":{"line":41,"column":2},"end":{"line":41,"column":3}},"loc":{"start":{"line":41,"column":11},"end":{"line":67,"column":3}},"line":41}},"branchMap":{"0":{"loc":{"start":{"line":25,"column":4},"end":{"line":38,"column":5}},"type":"if","locations":[{"start":{"line":25,"column":4},"end":{"line":38,"column":5}},{"start":{"line":25,"column":4},"end":{"line":38,"column":5}}],"line":25},"1":{"loc":{"start":{"line":47,"column":4},"end":{"line":49,"column":5}},"type":"if","locations":[{"start":{"line":47,"column":4},"end":{"line":49,"column":5}},{"start":{"line":47,"column":4},"end":{"line":49,"column":5}}],"line":47},"2":{"loc":{"start":{"line":47,"column":8},"end":{"line":47,"column":67}},"type":"binary-expr","locations":[{"start":{"line":47,"column":8},"end":{"line":47,"column":25}},{"start":{"line":47,"column":29},"end":{"line":47,"column":67}}],"line":47}},"s":{"0":6,"1":6,"2":0,"3":0,"4":0,"5":0,"6":0,"7":0,"8":0,"9":0,"10":6,"11":6,"12":6,"13":6,"14":6,"15":6,"16":0,"17":0,"18":1,"19":1},"f":{"0":6,"1":0,"2":0,"3":0,"4":6},"b":{"0":[0,0],"1":[6,0],"2":[6,0]},"_coverageSchema":"1a1c01bbd47fc00a2c39e90264f33305004495a9","hash":"b8c42d7e6272bdb6b8f23dc184143297d7fc09f8"}
,"/Users/ochaart/hackreactor/catwalk/client/src/components/app.jsx": {"path":"/Users/ochaart/hackreactor/catwalk/client/src/components/app.jsx","statementMap":{"0":{"start":{"line":6,"column":12},"end":{"line":13,"column":1}},"1":{"start":{"line":7,"column":2},"end":{"line":12,"column":11}}},"fnMap":{"0":{"name":"(anonymous_0)","decl":{"start":{"line":6,"column":12},"end":{"line":6,"column":13}},"loc":{"start":{"line":7,"column":2},"end":{"line":12,"column":11}},"line":7}},"branchMap":{},"s":{"0":1,"1":4},"f":{"0":4},"b":{},"_coverageSchema":"1a1c01bbd47fc00a2c39e90264f33305004495a9","hash":"a44fa1892bd6ae40346be777c2c965ac1120bf22"}
,"/Users/ochaart/hackreactor/catwalk/client/src/components/appComponent.jsx": {"path":"/Users/ochaart/hackreactor/catwalk/client/src/components/appComponent.jsx","statementMap":{"0":{"start":{"line":13,"column":21},"end":{"line":116,"column":1}},"1":{"start":{"line":14,"column":32},"end":{"line":14,"column":44}},"2":{"start":{"line":15,"column":42},"end":{"line":15,"column":54}},"3":{"start":{"line":16,"column":34},"end":{"line":16,"column":49}},"4":{"start":{"line":17,"column":40},"end":{"line":17,"column":52}},"5":{"start":{"line":18,"column":50},"end":{"line":18,"column":62}},"6":{"start":{"line":20,"column":19},"end":{"line":41,"column":3}},"7":{"start":{"line":21,"column":21},"end":{"line":21,"column":23}},"8":{"start":{"line":22,"column":4},"end":{"line":26,"column":5}},"9":{"start":{"line":22,"column":17},"end":{"line":22,"column":18}},"10":{"start":{"line":23,"column":6},"end":{"line":25,"column":7}},"11":{"start":{"line":24,"column":8},"end":{"line":24,"column":85}},"12":{"start":{"line":27,"column":4},"end":{"line":33,"column":5}},"13":{"start":{"line":27,"column":17},"end":{"line":27,"column":18}},"14":{"start":{"line":28,"column":6},"end":{"line":32,"column":7}},"15":{"start":{"line":29,"column":8},"end":{"line":29,"column":85}},"16":{"start":{"line":31,"column":8},"end":{"line":31,"column":80}},"17":{"start":{"line":34,"column":18},"end":{"line":34,"column":20}},"18":{"start":{"line":35,"column":18},"end":{"line":35,"column":39}},"19":{"start":{"line":36,"column":19},"end":{"line":36,"column":42}},"20":{"start":{"line":37,"column":4},"end":{"line":39,"column":5}},"21":{"start":{"line":37,"column":17},"end":{"line":37,"column":18}},"22":{"start":{"line":38,"column":6},"end":{"line":38,"column":55}},"23":{"start":{"line":40,"column":4},"end":{"line":40,"column":31}},"24":{"start":{"line":43,"column":26},"end":{"line":55,"column":3}},"25":{"start":{"line":44,"column":4},"end":{"line":44,"column":27}},"26":{"start":{"line":45,"column":4},"end":{"line":45,"column":28}},"27":{"start":{"line":46,"column":4},"end":{"line":50,"column":5}},"28":{"start":{"line":47,"column":6},"end":{"line":47,"column":24}},"29":{"start":{"line":49,"column":6},"end":{"line":49,"column":23}},"30":{"start":{"line":51,"column":4},"end":{"line":51,"column":35}},"31":{"start":{"line":52,"column":4},"end":{"line":54,"column":5}},"32":{"start":{"line":53,"column":6},"end":{"line":53,"column":46}},"33":{"start":{"line":57,"column":21},"end":{"line":65,"column":3}},"34":{"start":{"line":58,"column":4},"end":{"line":64,"column":9}},"35":{"start":{"line":60,"column":8},"end":{"line":60,"column":34}},"36":{"start":{"line":63,"column":8},"end":{"line":63,"column":27}},"37":{"start":{"line":66,"column":23},"end":{"line":66,"column":29}},"38":{"start":{"line":67,"column":2},"end":{"line":75,"column":9}},"39":{"start":{"line":68,"column":4},"end":{"line":74,"column":5}},"40":{"start":{"line":69,"column":6},"end":{"line":73,"column":7}},"41":{"start":{"line":70,"column":8},"end":{"line":70,"column":28}},"42":{"start":{"line":72,"column":8},"end":{"line":72,"column":57}},"43":{"start":{"line":77,"column":29},"end":{"line":79,"column":3}},"44":{"start":{"line":78,"column":4},"end":{"line":78,"column":31}},"45":{"start":{"line":81,"column":2},"end":{"line":115,"column":4}},"46":{"start":{"line":120,"column":0},"end":{"line":127,"column":2}},"47":{"start":{"line":129,"column":0},"end":{"line":131,"column":2}}},"fnMap":{"0":{"name":"(anonymous_0)","decl":{"start":{"line":13,"column":21},"end":{"line":13,"column":22}},"loc":{"start":{"line":13,"column":27},"end":{"line":116,"column":1}},"line":13},"1":{"name":"(anonymous_1)","decl":{"start":{"line":20,"column":19},"end":{"line":20,"column":20}},"loc":{"start":{"line":20,"column":37},"end":{"line":41,"column":3}},"line":20},"2":{"name":"(anonymous_2)","decl":{"start":{"line":43,"column":26},"end":{"line":43,"column":27}},"loc":{"start":{"line":43,"column":66},"end":{"line":55,"column":3}},"line":43},"3":{"name":"(anonymous_3)","decl":{"start":{"line":57,"column":21},"end":{"line":57,"column":22}},"loc":{"start":{"line":57,"column":29},"end":{"line":65,"column":3}},"line":57},"4":{"name":"(anonymous_4)","decl":{"start":{"line":59,"column":12},"end":{"line":59,"column":13}},"loc":{"start":{"line":59,"column":26},"end":{"line":61,"column":7}},"line":59},"5":{"name":"(anonymous_5)","decl":{"start":{"line":62,"column":13},"end":{"line":62,"column":14}},"loc":{"start":{"line":62,"column":24},"end":{"line":64,"column":7}},"line":62},"6":{"name":"(anonymous_6)","decl":{"start":{"line":67,"column":12},"end":{"line":67,"column":13}},"loc":{"start":{"line":67,"column":18},"end":{"line":75,"column":3}},"line":67},"7":{"name":"(anonymous_7)","decl":{"start":{"line":77,"column":29},"end":{"line":77,"column":30}},"loc":{"start":{"line":77,"column":44},"end":{"line":79,"column":3}},"line":77}},"branchMap":{"0":{"loc":{"start":{"line":23,"column":6},"end":{"line":25,"column":7}},"type":"if","locations":[{"start":{"line":23,"column":6},"end":{"line":25,"column":7}},{"start":{"line":23,"column":6},"end":{"line":25,"column":7}}],"line":23},"1":{"loc":{"start":{"line":24,"column":39},"end":{"line":24,"column":76}},"type":"cond-expr","locations":[{"start":{"line":24,"column":56},"end":{"line":24,"column":70}},{"start":{"line":24,"column":73},"end":{"line":24,"column":76}}],"line":24},"2":{"loc":{"start":{"line":28,"column":6},"end":{"line":32,"column":7}},"type":"if","locations":[{"start":{"line":28,"column":6},"end":{"line":32,"column":7}},{"start":{"line":28,"column":6},"end":{"line":32,"column":7}}],"line":28},"3":{"loc":{"start":{"line":29,"column":45},"end":{"line":29,"column":82}},"type":"cond-expr","locations":[{"start":{"line":29,"column":62},"end":{"line":29,"column":76}},{"start":{"line":29,"column":79},"end":{"line":29,"column":82}}],"line":29},"4":{"loc":{"start":{"line":31,"column":41},"end":{"line":31,"column":78}},"type":"cond-expr","locations":[{"start":{"line":31,"column":58},"end":{"line":31,"column":72}},{"start":{"line":31,"column":75},"end":{"line":31,"column":78}}],"line":31},"5":{"loc":{"start":{"line":46,"column":4},"end":{"line":50,"column":5}},"type":"if","locations":[{"start":{"line":46,"column":4},"end":{"line":50,"column":5}},{"start":{"line":46,"column":4},"end":{"line":50,"column":5}}],"line":46},"6":{"loc":{"start":{"line":52,"column":4},"end":{"line":54,"column":5}},"type":"if","locations":[{"start":{"line":52,"column":4},"end":{"line":54,"column":5}},{"start":{"line":52,"column":4},"end":{"line":54,"column":5}}],"line":52},"7":{"loc":{"start":{"line":68,"column":4},"end":{"line":74,"column":5}},"type":"if","locations":[{"start":{"line":68,"column":4},"end":{"line":74,"column":5}},{"start":{"line":68,"column":4},"end":{"line":74,"column":5}}],"line":68},"8":{"loc":{"start":{"line":69,"column":6},"end":{"line":73,"column":7}},"type":"if","locations":[{"start":{"line":69,"column":6},"end":{"line":73,"column":7}},{"start":{"line":69,"column":6},"end":{"line":73,"column":7}}],"line":69},"9":{"loc":{"start":{"line":83,"column":7},"end":{"line":90,"column":14}},"type":"cond-expr","locations":[{"start":{"line":84,"column":8},"end":{"line":89,"column":10}},{"start":{"line":90,"column":10},"end":{"line":90,"column":14}}],"line":83}},"s":{"0":1,"1":6,"2":6,"3":6,"4":6,"5":6,"6":6,"7":0,"8":0,"9":0,"10":0,"11":0,"12":0,"13":0,"14":0,"15":0,"16":0,"17":0,"18":0,"19":0,"20":0,"21":0,"22":0,"23":0,"24":6,"25":0,"26":0,"27":0,"28":0,"29":0,"30":0,"31":0,"32":0,"33":6,"34":6,"35":0,"36":0,"37":6,"38":6,"39":6,"40":6,"41":6,"42":0,"43":6,"44":0,"45":6,"46":1,"47":1},"f":{"0":6,"1":0,"2":0,"3":6,"4":0,"5":0,"6":6,"7":0},"b":{"0":[0,0],"1":[0,0],"2":[0,0],"3":[0,0],"4":[0,0],"5":[0,0],"6":[0,0],"7":[6,0],"8":[6,0],"9":[0,6]},"_coverageSchema":"1a1c01bbd47fc00a2c39e90264f33305004495a9","hash":"4713dc2ee55ebb5e24da0b3cb59bbb77d61a00e2"}
,"/Users/ochaart/hackreactor/catwalk/client/src/components/Overview/Overview.jsx": {"path":"/Users/ochaart/hackreactor/catwalk/client/src/components/Overview/Overview.jsx","statementMap":{"0":{"start":{"line":11,"column":4},"end":{"line":11,"column":17}},"1":{"start":{"line":12,"column":4},"end":{"line":14,"column":6}},"2":{"start":{"line":18,"column":37},"end":{"line":18,"column":46}},"3":{"start":{"line":19,"column":27},"end":{"line":19,"column":38}},"4":{"start":{"line":20,"column":40},"end":{"line":20,"column":50}},"5":{"start":{"line":21,"column":30},"end":{"line":21,"column":44}},"6":{"start":{"line":23,"column":4},"end":{"line":39,"column":5}},"7":{"start":{"line":24,"column":6},"end":{"line":38,"column":11}},"8":{"start":{"line":29,"column":10},"end":{"line":31,"column":13}},"9":{"start":{"line":34,"column":10},"end":{"line":34,"column":33}},"10":{"start":{"line":37,"column":10},"end":{"line":37,"column":20}},"11":{"start":{"line":43,"column":35},"end":{"line":43,"column":45}},"12":{"start":{"line":44,"column":23},"end":{"line":44,"column":33}},"13":{"start":{"line":45,"column":4},"end":{"line":45,"column":34}},"14":{"start":{"line":49,"column":23},"end":{"line":49,"column":33}},"15":{"start":{"line":50,"column":29},"end":{"line":50,"column":39}},"16":{"start":{"line":52,"column":4},"end":{"line":54,"column":5}},"17":{"start":{"line":53,"column":6},"end":{"line":53,"column":51}},"18":{"start":{"line":55,"column":23},"end":{"line":55,"column":35}},"19":{"start":{"line":57,"column":4},"end":{"line":63,"column":6}},"20":{"start":{"line":66,"column":0},"end":{"line":93,"column":2}},"21":{"start":{"line":95,"column":0},"end":{"line":99,"column":2}}},"fnMap":{"0":{"name":"(anonymous_0)","decl":{"start":{"line":10,"column":2},"end":{"line":10,"column":3}},"loc":{"start":{"line":10,"column":21},"end":{"line":15,"column":3}},"line":10},"1":{"name":"(anonymous_1)","decl":{"start":{"line":17,"column":2},"end":{"line":17,"column":3}},"loc":{"start":{"line":17,"column":32},"end":{"line":40,"column":3}},"line":17},"2":{"name":"(anonymous_2)","decl":{"start":{"line":28,"column":14},"end":{"line":28,"column":15}},"loc":{"start":{"line":28,"column":28},"end":{"line":32,"column":9}},"line":28},"3":{"name":"(anonymous_3)","decl":{"start":{"line":33,"column":14},"end":{"line":33,"column":15}},"loc":{"start":{"line":33,"column":20},"end":{"line":35,"column":9}},"line":33},"4":{"name":"(anonymous_4)","decl":{"start":{"line":36,"column":15},"end":{"line":36,"column":16}},"loc":{"start":{"line":36,"column":24},"end":{"line":38,"column":9}},"line":36},"5":{"name":"(anonymous_5)","decl":{"start":{"line":42,"column":2},"end":{"line":42,"column":3}},"loc":{"start":{"line":42,"column":20},"end":{"line":46,"column":3}},"line":42},"6":{"name":"(anonymous_6)","decl":{"start":{"line":48,"column":2},"end":{"line":48,"column":3}},"loc":{"start":{"line":48,"column":11},"end":{"line":64,"column":3}},"line":48}},"branchMap":{"0":{"loc":{"start":{"line":23,"column":4},"end":{"line":39,"column":5}},"type":"if","locations":[{"start":{"line":23,"column":4},"end":{"line":39,"column":5}},{"start":{"line":23,"column":4},"end":{"line":39,"column":5}}],"line":23},"1":{"loc":{"start":{"line":52,"column":4},"end":{"line":54,"column":5}},"type":"if","locations":[{"start":{"line":52,"column":4},"end":{"line":54,"column":5}},{"start":{"line":52,"column":4},"end":{"line":54,"column":5}}],"line":52},"2":{"loc":{"start":{"line":52,"column":8},"end":{"line":52,"column":67}},"type":"binary-expr","locations":[{"start":{"line":52,"column":8},"end":{"line":52,"column":25}},{"start":{"line":52,"column":29},"end":{"line":52,"column":67}}],"line":52}},"s":{"0":6,"1":6,"2":0,"3":0,"4":0,"5":0,"6":0,"7":0,"8":0,"9":0,"10":0,"11":0,"12":0,"13":0,"14":6,"15":6,"16":6,"17":6,"18":0,"19":0,"20":1,"21":1},"f":{"0":6,"1":0,"2":0,"3":0,"4":0,"5":0,"6":6},"b":{"0":[0,0],"1":[6,0],"2":[6,0]},"_coverageSchema":"1a1c01bbd47fc00a2c39e90264f33305004495a9","hash":"b30b398b5758a856bd62b5152d6e4975d58f4a1f"}
,"/Users/ochaart/hackreactor/catwalk/client/src/components/Overview/AddToCart/AddToCart.jsx": {"path":"/Users/ochaart/hackreactor/catwalk/client/src/components/Overview/AddToCart/AddToCart.jsx","statementMap":{"0":{"start":{"line":10,"column":18},"end":{"line":64,"column":1}},"1":{"start":{"line":12,"column":52},"end":{"line":12,"column":71}},"2":{"start":{"line":13,"column":42},"end":{"line":13,"column":53}},"3":{"start":{"line":15,"column":26},"end":{"line":17,"column":3}},"4":{"start":{"line":16,"column":4},"end":{"line":16,"column":30}},"5":{"start":{"line":19,"column":30},"end":{"line":21,"column":3}},"6":{"start":{"line":20,"column":4},"end":{"line":20,"column":25}},"7":{"start":{"line":23,"column":25},"end":{"line":36,"column":3}},"8":{"start":{"line":24,"column":17},"end":{"line":24,"column":34}},"9":{"start":{"line":26,"column":18},"end":{"line":26,"column":20}},"10":{"start":{"line":28,"column":4},"end":{"line":33,"column":5}},"11":{"start":{"line":28,"column":17},"end":{"line":28,"column":18}},"12":{"start":{"line":29,"column":18},"end":{"line":29,"column":25}},"13":{"start":{"line":30,"column":6},"end":{"line":32,"column":7}},"14":{"start":{"line":31,"column":8},"end":{"line":31,"column":42}},"15":{"start":{"line":35,"column":4},"end":{"line":35,"column":17}},"16":{"start":{"line":38,"column":2},"end":{"line":40,"column":16}},"17":{"start":{"line":39,"column":4},"end":{"line":39,"column":36}},"18":{"start":{"line":42,"column":23},"end":{"line":42,"column":39}},"19":{"start":{"line":43,"column":2},"end":{"line":63,"column":4}},"20":{"start":{"line":66,"column":0},"end":{"line":74,"column":2}},"21":{"start":{"line":76,"column":0},"end":{"line":79,"column":2}}},"fnMap":{"0":{"name":"(anonymous_0)","decl":{"start":{"line":10,"column":18},"end":{"line":10,"column":19}},"loc":{"start":{"line":10,"column":41},"end":{"line":64,"column":1}},"line":10},"1":{"name":"(anonymous_1)","decl":{"start":{"line":15,"column":26},"end":{"line":15,"column":27}},"loc":{"start":{"line":15,"column":35},"end":{"line":17,"column":3}},"line":15},"2":{"name":"(anonymous_2)","decl":{"start":{"line":19,"column":30},"end":{"line":19,"column":31}},"loc":{"start":{"line":19,"column":39},"end":{"line":21,"column":3}},"line":19},"3":{"name":"(anonymous_3)","decl":{"start":{"line":23,"column":25},"end":{"line":23,"column":26}},"loc":{"start":{"line":23,"column":31},"end":{"line":36,"column":3}},"line":23},"4":{"name":"(anonymous_4)","decl":{"start":{"line":38,"column":12},"end":{"line":38,"column":13}},"loc":{"start":{"line":38,"column":18},"end":{"line":40,"column":3}},"line":38}},"branchMap":{"0":{"loc":{"start":{"line":30,"column":6},"end":{"line":32,"column":7}},"type":"if","locations":[{"start":{"line":30,"column":6},"end":{"line":32,"column":7}},{"start":{"line":30,"column":6},"end":{"line":32,"column":7}}],"line":30}},"s":{"0":1,"1":0,"2":0,"3":0,"4":0,"5":0,"6":0,"7":0,"8":0,"9":0,"10":0,"11":0,"12":0,"13":0,"14":0,"15":0,"16":0,"17":0,"18":0,"19":0,"20":1,"21":1},"f":{"0":0,"1":0,"2":0,"3":0,"4":0},"b":{"0":[0,0]},"_coverageSchema":"1a1c01bbd47fc00a2c39e90264f33305004495a9","hash":"da2f12b651c724e7940bb7b7064b0dd266897e4f"}
,"/Users/ochaart/hackreactor/catwalk/client/src/components/Overview/AddToCart/Bag.jsx": {"path":"/Users/ochaart/hackreactor/catwalk/client/src/components/Overview/AddToCart/Bag.jsx","statementMap":{"0":{"start":{"line":6,"column":12},"end":{"line":32,"column":1}},"1":{"start":{"line":7,"column":2},"end":{"line":9,"column":3}},"2":{"start":{"line":8,"column":4},"end":{"line":8,"column":16}},"3":{"start":{"line":11,"column":22},"end":{"line":25,"column":3}},"4":{"start":{"line":12,"column":4},"end":{"line":24,"column":5}},"5":{"start":{"line":14,"column":6},"end":{"line":14,"column":41}},"6":{"start":{"line":16,"column":26},"end":{"line":16,"column":51}},"7":{"start":{"line":17,"column":6},"end":{"line":23,"column":11}},"8":{"start":{"line":22,"column":10},"end":{"line":22,"column":20}},"9":{"start":{"line":27,"column":2},"end":{"line":31,"column":4}},"10":{"start":{"line":34,"column":0},"end":{"line":40,"column":2}},"11":{"start":{"line":42,"column":0},"end":{"line":45,"column":2}}},"fnMap":{"0":{"name":"(anonymous_0)","decl":{"start":{"line":6,"column":12},"end":{"line":6,"column":13}},"loc":{"start":{"line":6,"column":53},"end":{"line":32,"column":1}},"line":6},"1":{"name":"(anonymous_1)","decl":{"start":{"line":11,"column":22},"end":{"line":11,"column":23}},"loc":{"start":{"line":11,"column":28},"end":{"line":25,"column":3}},"line":11},"2":{"name":"(anonymous_2)","decl":{"start":{"line":21,"column":15},"end":{"line":21,"column":16}},"loc":{"start":{"line":21,"column":24},"end":{"line":23,"column":9}},"line":21}},"branchMap":{"0":{"loc":{"start":{"line":7,"column":2},"end":{"line":9,"column":3}},"type":"if","locations":[{"start":{"line":7,"column":2},"end":{"line":9,"column":3}},{"start":{"line":7,"column":2},"end":{"line":9,"column":3}}],"line":7},"1":{"loc":{"start":{"line":12,"column":4},"end":{"line":24,"column":5}},"type":"if","locations":[{"start":{"line":12,"column":4},"end":{"line":24,"column":5}},{"start":{"line":12,"column":4},"end":{"line":24,"column":5}}],"line":12}},"s":{"0":1,"1":0,"2":0,"3":0,"4":0,"5":0,"6":0,"7":0,"8":0,"9":0,"10":1,"11":1},"f":{"0":0,"1":0,"2":0},"b":{"0":[0,0],"1":[0,0]},"_coverageSchema":"1a1c01bbd47fc00a2c39e90264f33305004495a9","hash":"17d6da2cadfb69748c9433c727a5c7fd6e8b85fe"}
,"/Users/ochaart/hackreactor/catwalk/client/src/components/Overview/AddToCart/QuantitySelector.jsx": {"path":"/Users/ochaart/hackreactor/catwalk/client/src/components/Overview/AddToCart/QuantitySelector.jsx","statementMap":{"0":{"start":{"line":5,"column":25},"end":{"line":41,"column":1}},"1":{"start":{"line":6,"column":2},"end":{"line":12,"column":3}},"2":{"start":{"line":7,"column":4},"end":{"line":11,"column":6}},"3":{"start":{"line":14,"column":23},"end":{"line":16,"column":3}},"4":{"start":{"line":15,"column":4},"end":{"line":15,"column":40}},"5":{"start":{"line":17,"column":28},"end":{"line":30,"column":3}},"6":{"start":{"line":18,"column":16},"end":{"line":18,"column":48}},"7":{"start":{"line":19,"column":24},"end":{"line":19,"column":26}},"8":{"start":{"line":21,"column":4},"end":{"line":27,"column":5}},"9":{"start":{"line":21,"column":17},"end":{"line":21,"column":18}},"10":{"start":{"line":22,"column":6},"end":{"line":24,"column":7}},"11":{"start":{"line":23,"column":8},"end":{"line":23,"column":14}},"12":{"start":{"line":26,"column":6},"end":{"line":26,"column":26}},"13":{"start":{"line":29,"column":4},"end":{"line":29,"column":23}},"14":{"start":{"line":32,"column":18},"end":{"line":32,"column":37}},"15":{"start":{"line":34,"column":2},"end":{"line":40,"column":4}},"16":{"start":{"line":37,"column":8},"end":{"line":37,"column":52}},"17":{"start":{"line":43,"column":0},"end":{"line":55,"column":2}},"18":{"start":{"line":57,"column":0},"end":{"line":61,"column":2}}},"fnMap":{"0":{"name":"(anonymous_0)","decl":{"start":{"line":5,"column":25},"end":{"line":5,"column":26}},"loc":{"start":{"line":5,"column":79},"end":{"line":41,"column":1}},"line":5},"1":{"name":"(anonymous_1)","decl":{"start":{"line":14,"column":23},"end":{"line":14,"column":24}},"loc":{"start":{"line":14,"column":30},"end":{"line":16,"column":3}},"line":14},"2":{"name":"(anonymous_2)","decl":{"start":{"line":17,"column":28},"end":{"line":17,"column":29}},"loc":{"start":{"line":17,"column":34},"end":{"line":30,"column":3}},"line":17},"3":{"name":"(anonymous_3)","decl":{"start":{"line":36,"column":19},"end":{"line":36,"column":20}},"loc":{"start":{"line":37,"column":8},"end":{"line":37,"column":52}},"line":37}},"branchMap":{"0":{"loc":{"start":{"line":6,"column":2},"end":{"line":12,"column":3}},"type":"if","locations":[{"start":{"line":6,"column":2},"end":{"line":12,"column":3}},{"start":{"line":6,"column":2},"end":{"line":12,"column":3}}],"line":6},"1":{"loc":{"start":{"line":6,"column":6},"end":{"line":6,"column":65}},"type":"binary-expr","locations":[{"start":{"line":6,"column":6},"end":{"line":6,"column":37}},{"start":{"line":6,"column":41},"end":{"line":6,"column":65}}],"line":6},"2":{"loc":{"start":{"line":22,"column":6},"end":{"line":24,"column":7}},"type":"if","locations":[{"start":{"line":22,"column":6},"end":{"line":24,"column":7}},{"start":{"line":22,"column":6},"end":{"line":24,"column":7}}],"line":22}},"s":{"0":1,"1":0,"2":0,"3":0,"4":0,"5":0,"6":0,"7":0,"8":0,"9":0,"10":0,"11":0,"12":0,"13":0,"14":0,"15":0,"16":0,"17":1,"18":1},"f":{"0":0,"1":0,"2":0,"3":0},"b":{"0":[0,0],"1":[0,0],"2":[0,0]},"_coverageSchema":"1a1c01bbd47fc00a2c39e90264f33305004495a9","hash":"6639fc8bc602ef34ecd468aacdffe8b444710de2"}
,"/Users/ochaart/hackreactor/catwalk/client/src/components/Overview/AddToCart/SizeSelector.jsx": {"path":"/Users/ochaart/hackreactor/catwalk/client/src/components/Overview/AddToCart/SizeSelector.jsx","statementMap":{"0":{"start":{"line":6,"column":21},"end":{"line":30,"column":1}},"1":{"start":{"line":7,"column":2},"end":{"line":13,"column":3}},"2":{"start":{"line":8,"column":4},"end":{"line":12,"column":6}},"3":{"start":{"line":14,"column":23},"end":{"line":16,"column":3}},"4":{"start":{"line":15,"column":4},"end":{"line":15,"column":36}},"5":{"start":{"line":18,"column":2},"end":{"line":29,"column":4}},"6":{"start":{"line":22,"column":22},"end":{"line":22,"column":30}},"7":{"start":{"line":23,"column":21},"end":{"line":23,"column":29}},"8":{"start":{"line":24,"column":8},"end":{"line":26,"column":10}},"9":{"start":{"line":32,"column":0},"end":{"line":39,"column":2}},"10":{"start":{"line":41,"column":0},"end":{"line":45,"column":2}}},"fnMap":{"0":{"name":"(anonymous_0)","decl":{"start":{"line":6,"column":21},"end":{"line":6,"column":22}},"loc":{"start":{"line":6,"column":79},"end":{"line":30,"column":1}},"line":6},"1":{"name":"(anonymous_1)","decl":{"start":{"line":14,"column":23},"end":{"line":14,"column":24}},"loc":{"start":{"line":14,"column":30},"end":{"line":16,"column":3}},"line":14},"2":{"name":"(anonymous_2)","decl":{"start":{"line":21,"column":24},"end":{"line":21,"column":25}},"loc":{"start":{"line":21,"column":35},"end":{"line":27,"column":7}},"line":21}},"branchMap":{"0":{"loc":{"start":{"line":7,"column":2},"end":{"line":13,"column":3}},"type":"if","locations":[{"start":{"line":7,"column":2},"end":{"line":13,"column":3}},{"start":{"line":7,"column":2},"end":{"line":13,"column":3}}],"line":7}},"s":{"0":1,"1":0,"2":0,"3":0,"4":0,"5":0,"6":0,"7":0,"8":0,"9":1,"10":1},"f":{"0":0,"1":0,"2":0},"b":{"0":[0,0]},"_coverageSchema":"1a1c01bbd47fc00a2c39e90264f33305004495a9","hash":"029307cfd9a988f3b63d51ed381ce7b0c5c310bf"}
,"/Users/ochaart/hackreactor/catwalk/client/src/components/Overview/ImageGallery/ImageGallery.jsx": {"path":"/Users/ochaart/hackreactor/catwalk/client/src/components/Overview/ImageGallery/ImageGallery.jsx","statementMap":{"0":{"start":{"line":10,"column":21},"end":{"line":114,"column":1}},"1":{"start":{"line":11,"column":32},"end":{"line":11,"column":43}},"2":{"start":{"line":12,"column":38},"end":{"line":12,"column":53}},"3":{"start":{"line":13,"column":38},"end":{"line":13,"column":53}},"4":{"start":{"line":14,"column":34},"end":{"line":14,"column":49}},"5":{"start":{"line":16,"column":21},"end":{"line":18,"column":3}},"6":{"start":{"line":17,"column":4},"end":{"line":17,"column":24}},"7":{"start":{"line":20,"column":21},"end":{"line":22,"column":3}},"8":{"start":{"line":21,"column":4},"end":{"line":21,"column":25}},"9":{"start":{"line":24,"column":20},"end":{"line":26,"column":3}},"10":{"start":{"line":25,"column":4},"end":{"line":25,"column":64}},"11":{"start":{"line":28,"column":20},"end":{"line":30,"column":3}},"12":{"start":{"line":29,"column":4},"end":{"line":29,"column":64}},"13":{"start":{"line":32,"column":23},"end":{"line":34,"column":3}},"14":{"start":{"line":33,"column":4},"end":{"line":33,"column":31}},"15":{"start":{"line":36,"column":22},"end":{"line":38,"column":3}},"16":{"start":{"line":37,"column":4},"end":{"line":37,"column":20}},"17":{"start":{"line":40,"column":2},"end":{"line":42,"column":3}},"18":{"start":{"line":41,"column":4},"end":{"line":41,"column":16}},"19":{"start":{"line":44,"column":27},"end":{"line":52,"column":3}},"20":{"start":{"line":45,"column":4},"end":{"line":51,"column":5}},"21":{"start":{"line":46,"column":6},"end":{"line":46,"column":26}},"22":{"start":{"line":47,"column":11},"end":{"line":51,"column":5}},"23":{"start":{"line":48,"column":6},"end":{"line":48,"column":24}},"24":{"start":{"line":50,"column":6},"end":{"line":50,"column":25}},"25":{"start":{"line":54,"column":20},"end":{"line":67,"column":3}},"26":{"start":{"line":55,"column":4},"end":{"line":57,"column":5}},"27":{"start":{"line":56,"column":6},"end":{"line":56,"column":18}},"28":{"start":{"line":59,"column":4},"end":{"line":66,"column":6}},"29":{"start":{"line":69,"column":23},"end":{"line":80,"column":3}},"30":{"start":{"line":70,"column":4},"end":{"line":76,"column":5}},"31":{"start":{"line":71,"column":6},"end":{"line":75,"column":8}},"32":{"start":{"line":77,"column":4},"end":{"line":79,"column":6}},"33":{"start":{"line":82,"column":2},"end":{"line":113,"column":4}},"34":{"start":{"line":102,"column":24},"end":{"line":102,"column":32}},"35":{"start":{"line":103,"column":20},"end":{"line":103,"column":25}},"36":{"start":{"line":104,"column":8},"end":{"line":108,"column":9}},"37":{"start":{"line":105,"column":10},"end":{"line":107,"column":12}},"38":{"start":{"line":109,"column":8},"end":{"line":109,"column":20}},"39":{"start":{"line":115,"column":0},"end":{"line":117,"column":2}},"40":{"start":{"line":119,"column":0},"end":{"line":121,"column":2}}},"fnMap":{"0":{"name":"(anonymous_0)","decl":{"start":{"line":10,"column":21},"end":{"line":10,"column":22}},"loc":{"start":{"line":10,"column":37},"end":{"line":114,"column":1}},"line":10},"1":{"name":"(anonymous_1)","decl":{"start":{"line":16,"column":21},"end":{"line":16,"column":22}},"loc":{"start":{"line":16,"column":27},"end":{"line":18,"column":3}},"line":16},"2":{"name":"(anonymous_2)","decl":{"start":{"line":20,"column":21},"end":{"line":20,"column":22}},"loc":{"start":{"line":20,"column":27},"end":{"line":22,"column":3}},"line":20},"3":{"name":"(anonymous_3)","decl":{"start":{"line":24,"column":20},"end":{"line":24,"column":21}},"loc":{"start":{"line":24,"column":26},"end":{"line":26,"column":3}},"line":24},"4":{"name":"(anonymous_4)","decl":{"start":{"line":28,"column":20},"end":{"line":28,"column":21}},"loc":{"start":{"line":28,"column":26},"end":{"line":30,"column":3}},"line":28},"5":{"name":"(anonymous_5)","decl":{"start":{"line":32,"column":23},"end":{"line":32,"column":24}},"loc":{"start":{"line":32,"column":29},"end":{"line":34,"column":3}},"line":32},"6":{"name":"(anonymous_6)","decl":{"start":{"line":36,"column":22},"end":{"line":36,"column":23}},"loc":{"start":{"line":36,"column":31},"end":{"line":38,"column":3}},"line":36},"7":{"name":"(anonymous_7)","decl":{"start":{"line":44,"column":27},"end":{"line":44,"column":28}},"loc":{"start":{"line":44,"column":33},"end":{"line":52,"column":3}},"line":44},"8":{"name":"(anonymous_8)","decl":{"start":{"line":54,"column":20},"end":{"line":54,"column":21}},"loc":{"start":{"line":54,"column":26},"end":{"line":67,"column":3}},"line":54},"9":{"name":"(anonymous_9)","decl":{"start":{"line":69,"column":23},"end":{"line":69,"column":24}},"loc":{"start":{"line":69,"column":29},"end":{"line":80,"column":3}},"line":69},"10":{"name":"(anonymous_10)","decl":{"start":{"line":101,"column":18},"end":{"line":101,"column":19}},"loc":{"start":{"line":101,"column":39},"end":{"line":110,"column":7}},"line":101}},"branchMap":{"0":{"loc":{"start":{"line":25,"column":15},"end":{"line":25,"column":62}},"type":"cond-expr","locations":[{"start":{"line":25,"column":47},"end":{"line":25,"column":48}},{"start":{"line":25,"column":51},"end":{"line":25,"column":62}}],"line":25},"1":{"loc":{"start":{"line":29,"column":15},"end":{"line":29,"column":62}},"type":"cond-expr","locations":[{"start":{"line":29,"column":31},"end":{"line":29,"column":48}},{"start":{"line":29,"column":51},"end":{"line":29,"column":62}}],"line":29},"2":{"loc":{"start":{"line":40,"column":2},"end":{"line":42,"column":3}},"type":"if","locations":[{"start":{"line":40,"column":2},"end":{"line":42,"column":3}},{"start":{"line":40,"column":2},"end":{"line":42,"column":3}}],"line":40},"3":{"loc":{"start":{"line":40,"column":6},"end":{"line":40,"column":50}},"type":"binary-expr","locations":[{"start":{"line":40,"column":6},"end":{"line":40,"column":28}},{"start":{"line":40,"column":32},"end":{"line":40,"column":50}}],"line":40},"4":{"loc":{"start":{"line":45,"column":4},"end":{"line":51,"column":5}},"type":"if","locations":[{"start":{"line":45,"column":4},"end":{"line":51,"column":5}},{"start":{"line":45,"column":4},"end":{"line":51,"column":5}}],"line":45},"5":{"loc":{"start":{"line":47,"column":11},"end":{"line":51,"column":5}},"type":"if","locations":[{"start":{"line":47,"column":11},"end":{"line":51,"column":5}},{"start":{"line":47,"column":11},"end":{"line":51,"column":5}}],"line":47},"6":{"loc":{"start":{"line":55,"column":4},"end":{"line":57,"column":5}},"type":"if","locations":[{"start":{"line":55,"column":4},"end":{"line":57,"column":5}},{"start":{"line":55,"column":4},"end":{"line":57,"column":5}}],"line":55},"7":{"loc":{"start":{"line":70,"column":4},"end":{"line":76,"column":5}},"type":"if","locations":[{"start":{"line":70,"column":4},"end":{"line":76,"column":5}},{"start":{"line":70,"column":4},"end":{"line":76,"column":5}}],"line":70},"8":{"loc":{"start":{"line":104,"column":8},"end":{"line":108,"column":9}},"type":"if","locations":[{"start":{"line":104,"column":8},"end":{"line":108,"column":9}},{"start":{"line":104,"column":8},"end":{"line":108,"column":9}}],"line":104}},"s":{"0":1,"1":0,"2":0,"3":0,"4":0,"5":0,"6":0,"7":0,"8":0,"9":0,"10":0,"11":0,"12":0,"13":0,"14":0,"15":0,"16":0,"17":0,"18":0,"19":0,"20":0,"21":0,"22":0,"23":0,"24":0,"25":0,"26":0,"27":0,"28":0,"29":0,"30":0,"31":0,"32":0,"33":0,"34":0,"35":0,"36":0,"37":0,"38":0,"39":1,"40":1},"f":{"0":0,"1":0,"2":0,"3":0,"4":0,"5":0,"6":0,"7":0,"8":0,"9":0,"10":0},"b":{"0":[0,0],"1":[0,0],"2":[0,0],"3":[0,0],"4":[0,0],"5":[0,0],"6":[0,0],"7":[0,0],"8":[0,0]},"_coverageSchema":"1a1c01bbd47fc00a2c39e90264f33305004495a9","hash":"61c4cb98469fbc27c69bc6d50f1ec57120d6955a"}
,"/Users/ochaart/hackreactor/catwalk/client/src/components/Overview/ImageGallery/Nav.jsx": {"path":"/Users/ochaart/hackreactor/catwalk/client/src/components/Overview/ImageGallery/Nav.jsx","statementMap":{"0":{"start":{"line":7,"column":12},"end":{"line":20,"column":1}},"1":{"start":{"line":8,"column":2},"end":{"line":19,"column":17}},"2":{"start":{"line":10,"column":43},"end":{"line":10,"column":51}},"3":{"start":{"line":11,"column":18},"end":{"line":11,"column":23}},"4":{"start":{"line":13,"column":6},"end":{"line":17,"column":8}},"5":{"start":{"line":14,"column":86},"end":{"line":14,"column":104}},"6":{"start":{"line":22,"column":0},"end":{"line":26,"column":2}},"7":{"start":{"line":28,"column":0},"end":{"line":32,"column":2}}},"fnMap":{"0":{"name":"(anonymous_0)","decl":{"start":{"line":7,"column":12},"end":{"line":7,"column":13}},"loc":{"start":{"line":8,"column":2},"end":{"line":19,"column":17}},"line":8},"1":{"name":"(anonymous_1)","decl":{"start":{"line":9,"column":16},"end":{"line":9,"column":17}},"loc":{"start":{"line":9,"column":37},"end":{"line":18,"column":5}},"line":9},"2":{"name":"(anonymous_2)","decl":{"start":{"line":14,"column":80},"end":{"line":14,"column":81}},"loc":{"start":{"line":14,"column":86},"end":{"line":14,"column":104}},"line":14}},"branchMap":{},"s":{"0":1,"1":0,"2":0,"3":0,"4":0,"5":0,"6":1,"7":1},"f":{"0":0,"1":0,"2":0},"b":{},"_coverageSchema":"1a1c01bbd47fc00a2c39e90264f33305004495a9","hash":"bd116bb2c76966a0191402d2559ed205f4113521"}
,"/Users/ochaart/hackreactor/catwalk/client/src/components/Overview/ProductInfo/Price.jsx": {"path":"/Users/ochaart/hackreactor/catwalk/client/src/components/Overview/ProductInfo/Price.jsx","statementMap":{"0":{"start":{"line":7,"column":14},"end":{"line":22,"column":1}},"1":{"start":{"line":8,"column":39},"end":{"line":8,"column":44}},"2":{"start":{"line":9,"column":2},"end":{"line":15,"column":3}},"3":{"start":{"line":10,"column":4},"end":{"line":14,"column":6}},"4":{"start":{"line":16,"column":2},"end":{"line":21,"column":4}},"5":{"start":{"line":24,"column":0},"end":{"line":27,"column":2}},"6":{"start":{"line":29,"column":0},"end":{"line":32,"column":2}}},"fnMap":{"0":{"name":"(anonymous_0)","decl":{"start":{"line":7,"column":14},"end":{"line":7,"column":15}},"loc":{"start":{"line":7,"column":25},"end":{"line":22,"column":1}},"line":7}},"branchMap":{"0":{"loc":{"start":{"line":9,"column":2},"end":{"line":15,"column":3}},"type":"if","locations":[{"start":{"line":9,"column":2},"end":{"line":15,"column":3}},{"start":{"line":9,"column":2},"end":{"line":15,"column":3}}],"line":9}},"s":{"0":1,"1":0,"2":0,"3":0,"4":0,"5":1,"6":1},"f":{"0":0},"b":{"0":[0,0]},"_coverageSchema":"1a1c01bbd47fc00a2c39e90264f33305004495a9","hash":"d5308d280991f9f081464c4fcccb61cef9d0fb88"}
,"/Users/ochaart/hackreactor/catwalk/client/src/components/Overview/ProductInfo/ProductInfo.jsx": {"path":"/Users/ochaart/hackreactor/catwalk/client/src/components/Overview/ProductInfo/ProductInfo.jsx","statementMap":{"0":{"start":{"line":11,"column":4},"end":{"line":11,"column":17}},"1":{"start":{"line":13,"column":4},"end":{"line":15,"column":6}},"2":{"start":{"line":19,"column":24},"end":{"line":19,"column":34}},"3":{"start":{"line":20,"column":29},"end":{"line":20,"column":39}},"4":{"start":{"line":21,"column":46},"end":{"line":21,"column":58}},"5":{"start":{"line":22,"column":38},"end":{"line":22,"column":50}},"6":{"start":{"line":23,"column":40},"end":{"line":23,"column":47}},"7":{"start":{"line":25,"column":4},"end":{"line":32,"column":6}},"8":{"start":{"line":35,"column":0},"end":{"line":56,"column":2}},"9":{"start":{"line":58,"column":0},"end":{"line":61,"column":2}}},"fnMap":{"0":{"name":"(anonymous_0)","decl":{"start":{"line":10,"column":2},"end":{"line":10,"column":3}},"loc":{"start":{"line":10,"column":21},"end":{"line":16,"column":3}},"line":10},"1":{"name":"(anonymous_1)","decl":{"start":{"line":18,"column":2},"end":{"line":18,"column":3}},"loc":{"start":{"line":18,"column":11},"end":{"line":33,"column":3}},"line":18}},"branchMap":{},"s":{"0":0,"1":0,"2":0,"3":0,"4":0,"5":0,"6":0,"7":0,"8":1,"9":1},"f":{"0":0,"1":0},"b":{},"_coverageSchema":"1a1c01bbd47fc00a2c39e90264f33305004495a9","hash":"fec1ae26661b372452ebbc7c652b6522c2cff392"}
,"/Users/ochaart/hackreactor/catwalk/client/src/components/Overview/ProductInfo/Stars.jsx": {"path":"/Users/ochaart/hackreactor/catwalk/client/src/components/Overview/ProductInfo/Stars.jsx","statementMap":{"0":{"start":{"line":7,"column":14},"end":{"line":23,"column":1}},"1":{"start":{"line":8,"column":21},"end":{"line":8,"column":28}},"2":{"start":{"line":10,"column":23},"end":{"line":15,"column":3}},"3":{"start":{"line":11,"column":4},"end":{"line":14,"column":7}},"4":{"start":{"line":17,"column":2},"end":{"line":22,"column":4}},"5":{"start":{"line":25,"column":0},"end":{"line":27,"column":2}},"6":{"start":{"line":29,"column":0},"end":{"line":31,"column":2}}},"fnMap":{"0":{"name":"(anonymous_0)","decl":{"start":{"line":7,"column":14},"end":{"line":7,"column":15}},"loc":{"start":{"line":7,"column":31},"end":{"line":23,"column":1}},"line":7},"1":{"name":"(anonymous_1)","decl":{"start":{"line":10,"column":23},"end":{"line":10,"column":24}},"loc":{"start":{"line":10,"column":29},"end":{"line":15,"column":3}},"line":10}},"branchMap":{},"s":{"0":1,"1":0,"2":0,"3":0,"4":0,"5":1,"6":1},"f":{"0":0,"1":0},"b":{},"_coverageSchema":"1a1c01bbd47fc00a2c39e90264f33305004495a9","hash":"8a2ab2e4f312995925bb5267a4642630405e8b6c"}
,"/Users/ochaart/hackreactor/catwalk/client/src/components/Overview/SharedComponents/IndividualStarContainer.js": {"path":"/Users/ochaart/hackreactor/catwalk/client/src/components/Overview/SharedComponents/IndividualStarContainer.js","statementMap":{"0":{"start":{"line":3,"column":32},"end":{"line":8,"column":1}}},"fnMap":{},"branchMap":{},"s":{"0":1},"f":{},"b":{},"_coverageSchema":"1a1c01bbd47fc00a2c39e90264f33305004495a9","hash":"02a02cd3801769b82b6b8bf8001326ddb24ea232"}
,"/Users/ochaart/hackreactor/catwalk/client/src/components/Overview/SharedComponents/MainContainer.js": {"path":"/Users/ochaart/hackreactor/catwalk/client/src/components/Overview/SharedComponents/MainContainer.js","statementMap":{"0":{"start":{"line":3,"column":22},"end":{"line":11,"column":1}}},"fnMap":{},"branchMap":{},"s":{"0":1},"f":{},"b":{},"_coverageSchema":"1a1c01bbd47fc00a2c39e90264f33305004495a9","hash":"33296f1deaf82f4f7e154f70d9d06b5b381dd765"}
,"/Users/ochaart/hackreactor/catwalk/client/src/components/Overview/SharedComponents/StarRatingContainer.js": {"path":"/Users/ochaart/hackreactor/catwalk/client/src/components/Overview/SharedComponents/StarRatingContainer.js","statementMap":{"0":{"start":{"line":3,"column":28},"end":{"line":16,"column":1}}},"fnMap":{},"branchMap":{},"s":{"0":1},"f":{},"b":{},"_coverageSchema":"1a1c01bbd47fc00a2c39e90264f33305004495a9","hash":"1b80294f2ab6e9db591a53226112bf82410991ee"}
,"/Users/ochaart/hackreactor/catwalk/client/src/components/Overview/SharedComponents/StarRatings.jsx": {"path":"/Users/ochaart/hackreactor/catwalk/client/src/components/Overview/SharedComponents/StarRatings.jsx","statementMap":{"0":{"start":{"line":8,"column":2},"end":{"line":10,"column":8}},"1":{"start":{"line":13,"column":2},"end":{"line":21,"column":8}},"2":{"start":{"line":24,"column":2},"end":{"line":32,"column":8}},"3":{"start":{"line":35,"column":2},"end":{"line":43,"column":8}},"4":{"start":{"line":46,"column":2},"end":{"line":48,"column":8}},"5":{"start":{"line":52,"column":16},"end":{"line":52,"column":18}},"6":{"start":{"line":53,"column":24},"end":{"line":53,"column":51}},"7":{"start":{"line":54,"column":2},"end":{"line":54,"column":59}},"8":{"start":{"line":54,"column":15},"end":{"line":54,"column":16}},"9":{"start":{"line":54,"column":37},"end":{"line":54,"column":59}},"10":{"start":{"line":55,"column":2},"end":{"line":64,"column":3}},"11":{"start":{"line":56,"column":18},"end":{"line":56,"column":36}},"12":{"start":{"line":57,"column":4},"end":{"line":63,"column":5}},"13":{"start":{"line":58,"column":6},"end":{"line":58,"column":30}},"14":{"start":{"line":59,"column":11},"end":{"line":63,"column":5}},"15":{"start":{"line":60,"column":6},"end":{"line":60,"column":27}},"16":{"start":{"line":62,"column":6},"end":{"line":62,"column":35}},"17":{"start":{"line":65,"column":2},"end":{"line":65,"column":80}},"18":{"start":{"line":65,"column":15},"end":{"line":65,"column":28}},"19":{"start":{"line":65,"column":58},"end":{"line":65,"column":80}},"20":{"start":{"line":66,"column":2},"end":{"line":66,"column":15}},"21":{"start":{"line":69,"column":19},"end":{"line":73,"column":1}},"22":{"start":{"line":70,"column":2},"end":{"line":72,"column":24}},"23":{"start":{"line":71,"column":36},"end":{"line":71,"column":113}},"24":{"start":{"line":77,"column":0},"end":{"line":79,"column":2}},"25":{"start":{"line":81,"column":0},"end":{"line":83,"column":2}}},"fnMap":{"0":{"name":"getStars","decl":{"start":{"line":51,"column":9},"end":{"line":51,"column":17}},"loc":{"start":{"line":51,"column":25},"end":{"line":67,"column":1}},"line":51},"1":{"name":"(anonymous_1)","decl":{"start":{"line":69,"column":19},"end":{"line":69,"column":20}},"loc":{"start":{"line":70,"column":2},"end":{"line":72,"column":24}},"line":70},"2":{"name":"(anonymous_2)","decl":{"start":{"line":71,"column":23},"end":{"line":71,"column":24}},"loc":{"start":{"line":71,"column":36},"end":{"line":71,"column":113}},"line":71}},"branchMap":{"0":{"loc":{"start":{"line":55,"column":2},"end":{"line":64,"column":3}},"type":"if","locations":[{"start":{"line":55,"column":2},"end":{"line":64,"column":3}},{"start":{"line":55,"column":2},"end":{"line":64,"column":3}}],"line":55},"1":{"loc":{"start":{"line":57,"column":4},"end":{"line":63,"column":5}},"type":"if","locations":[{"start":{"line":57,"column":4},"end":{"line":63,"column":5}},{"start":{"line":57,"column":4},"end":{"line":63,"column":5}}],"line":57},"2":{"loc":{"start":{"line":59,"column":11},"end":{"line":63,"column":5}},"type":"if","locations":[{"start":{"line":59,"column":11},"end":{"line":63,"column":5}},{"start":{"line":59,"column":11},"end":{"line":63,"column":5}}],"line":59},"3":{"loc":{"start":{"line":59,"column":15},"end":{"line":59,"column":44}},"type":"binary-expr","locations":[{"start":{"line":59,"column":15},"end":{"line":59,"column":28}},{"start":{"line":59,"column":32},"end":{"line":59,"column":44}}],"line":59},"4":{"loc":{"start":{"line":65,"column":35},"end":{"line":65,"column":47}},"type":"cond-expr","locations":[{"start":{"line":65,"column":42},"end":{"line":65,"column":43}},{"start":{"line":65,"column":46},"end":{"line":65,"column":47}}],"line":65}},"s":{"0":1,"1":1,"2":1,"3":1,"4":1,"5":0,"6":0,"7":0,"8":0,"9":0,"10":0,"11":0,"12":0,"13":0,"14":0,"15":0,"16":0,"17":0,"18":0,"19":0,"20":0,"21":1,"22":0,"23":0,"24":1,"25":1},"f":{"0":0,"1":0,"2":0},"b":{"0":[0,0],"1":[0,0],"2":[0,0],"3":[0,0],"4":[0,0]},"_coverageSchema":"1a1c01bbd47fc00a2c39e90264f33305004495a9","hash":"78457194e9894a5320b236db119d6932308fb3bc"}
,"/Users/ochaart/hackreactor/catwalk/client/src/components/Overview/SharedComponents/StarReviews.jsx": {"path":"/Users/ochaart/hackreactor/catwalk/client/src/components/Overview/SharedComponents/StarReviews.jsx","statementMap":{"0":{"start":{"line":5,"column":20},"end":{"line":33,"column":1}},"1":{"start":{"line":6,"column":44},"end":{"line":6,"column":55}},"2":{"start":{"line":7,"column":27},"end":{"line":14,"column":3}},"3":{"start":{"line":8,"column":18},"end":{"line":8,"column":19}},"4":{"start":{"line":9,"column":4},"end":{"line":11,"column":5}},"5":{"start":{"line":9,"column":17},"end":{"line":9,"column":18}},"6":{"start":{"line":10,"column":6},"end":{"line":10,"column":35}},"7":{"start":{"line":12,"column":20},"end":{"line":12,"column":44}},"8":{"start":{"line":13,"column":4},"end":{"line":13,"column":30}},"9":{"start":{"line":16,"column":2},"end":{"line":28,"column":16}},"10":{"start":{"line":17,"column":20},"end":{"line":17,"column":25}},"11":{"start":{"line":18,"column":4},"end":{"line":24,"column":11}},"12":{"start":{"line":19,"column":6},"end":{"line":23,"column":7}},"13":{"start":{"line":20,"column":8},"end":{"line":22,"column":9}},"14":{"start":{"line":21,"column":10},"end":{"line":21,"column":36}},"15":{"start":{"line":25,"column":4},"end":{"line":27,"column":6}},"16":{"start":{"line":26,"column":6},"end":{"line":26,"column":23}},"17":{"start":{"line":30,"column":2},"end":{"line":32,"column":4}},"18":{"start":{"line":37,"column":0},"end":{"line":39,"column":2}},"19":{"start":{"line":41,"column":0},"end":{"line":43,"column":2}}},"fnMap":{"0":{"name":"(anonymous_0)","decl":{"start":{"line":5,"column":20},"end":{"line":5,"column":21}},"loc":{"start":{"line":5,"column":37},"end":{"line":33,"column":1}},"line":5},"1":{"name":"(anonymous_1)","decl":{"start":{"line":7,"column":27},"end":{"line":7,"column":28}},"loc":{"start":{"line":7,"column":40},"end":{"line":14,"column":3}},"line":7},"2":{"name":"(anonymous_2)","decl":{"start":{"line":16,"column":12},"end":{"line":16,"column":13}},"loc":{"start":{"line":16,"column":18},"end":{"line":28,"column":3}},"line":16},"3":{"name":"(anonymous_3)","decl":{"start":{"line":18,"column":15},"end":{"line":18,"column":16}},"loc":{"start":{"line":18,"column":21},"end":{"line":24,"column":5}},"line":18},"4":{"name":"(anonymous_4)","decl":{"start":{"line":25,"column":11},"end":{"line":25,"column":12}},"loc":{"start":{"line":25,"column":17},"end":{"line":27,"column":5}},"line":25}},"branchMap":{"0":{"loc":{"start":{"line":19,"column":6},"end":{"line":23,"column":7}},"type":"if","locations":[{"start":{"line":19,"column":6},"end":{"line":23,"column":7}},{"start":{"line":19,"column":6},"end":{"line":23,"column":7}}],"line":19},"1":{"loc":{"start":{"line":20,"column":8},"end":{"line":22,"column":9}},"type":"if","locations":[{"start":{"line":20,"column":8},"end":{"line":22,"column":9}},{"start":{"line":20,"column":8},"end":{"line":22,"column":9}}],"line":20},"2":{"loc":{"start":{"line":20,"column":12},"end":{"line":20,"column":46}},"type":"binary-expr","locations":[{"start":{"line":20,"column":12},"end":{"line":20,"column":28}},{"start":{"line":20,"column":32},"end":{"line":20,"column":46}}],"line":20}},"s":{"0":1,"1":0,"2":0,"3":0,"4":0,"5":0,"6":0,"7":0,"8":0,"9":0,"10":0,"11":0,"12":0,"13":0,"14":0,"15":0,"16":0,"17":0,"18":1,"19":1},"f":{"0":0,"1":0,"2":0,"3":0,"4":0},"b":{"0":[0,0],"1":[0,0],"2":[0,0]},"_coverageSchema":"1a1c01bbd47fc00a2c39e90264f33305004495a9","hash":"685131ff87f9b06be154191743b5d006bb1447cf"}
,"/Users/ochaart/hackreactor/catwalk/client/src/components/Overview/StyleSelector/StyleSelector.jsx": {"path":"/Users/ochaart/hackreactor/catwalk/client/src/components/Overview/StyleSelector/StyleSelector.jsx","statementMap":{"0":{"start":{"line":12,"column":4},"end":{"line":12,"column":17}},"1":{"start":{"line":13,"column":4},"end":{"line":15,"column":6}},"2":{"start":{"line":19,"column":57},"end":{"line":19,"column":67}},"3":{"start":{"line":20,"column":61},"end":{"line":20,"column":73}},"4":{"start":{"line":22,"column":4},"end":{"line":44,"column":6}},"5":{"start":{"line":30,"column":42},"end":{"line":30,"column":47}},"6":{"start":{"line":32,"column":12},"end":{"line":40,"column":14}},"7":{"start":{"line":38,"column":44},"end":{"line":38,"column":70}},"8":{"start":{"line":47,"column":0},"end":{"line":57,"column":2}},"9":{"start":{"line":59,"column":0},"end":{"line":63,"column":2}}},"fnMap":{"0":{"name":"(anonymous_0)","decl":{"start":{"line":11,"column":2},"end":{"line":11,"column":3}},"loc":{"start":{"line":11,"column":21},"end":{"line":16,"column":3}},"line":11},"1":{"name":"(anonymous_1)","decl":{"start":{"line":18,"column":2},"end":{"line":18,"column":3}},"loc":{"start":{"line":18,"column":11},"end":{"line":45,"column":3}},"line":18},"2":{"name":"(anonymous_2)","decl":{"start":{"line":29,"column":22},"end":{"line":29,"column":23}},"loc":{"start":{"line":29,"column":33},"end":{"line":41,"column":11}},"line":29},"3":{"name":"(anonymous_3)","decl":{"start":{"line":38,"column":36},"end":{"line":38,"column":37}},"loc":{"start":{"line":38,"column":42},"end":{"line":38,"column":72}},"line":38}},"branchMap":{},"s":{"0":0,"1":0,"2":0,"3":0,"4":0,"5":0,"6":0,"7":0,"8":1,"9":1},"f":{"0":0,"1":0,"2":0,"3":0},"b":{},"_coverageSchema":"1a1c01bbd47fc00a2c39e90264f33305004495a9","hash":"2849812f2a5c21fecec868a817d21e9edb7c5d7f"}
,"/Users/ochaart/hackreactor/catwalk/client/src/components/Overview/StyleSelector/StyleSelectorEntry.jsx": {"path":"/Users/ochaart/hackreactor/catwalk/client/src/components/Overview/StyleSelector/StyleSelectorEntry.jsx","statementMap":{"0":{"start":{"line":7,"column":27},"end":{"line":32,"column":1}},"1":{"start":{"line":10,"column":21},"end":{"line":10,"column":26}},"2":{"start":{"line":11,"column":19},"end":{"line":11,"column":28}},"3":{"start":{"line":12,"column":39},"end":{"line":12,"column":47}},"4":{"start":{"line":14,"column":2},"end":{"line":25,"column":3}},"5":{"start":{"line":15,"column":4},"end":{"line":24,"column":6}},"6":{"start":{"line":27,"column":2},"end":{"line":31,"column":4}},"7":{"start":{"line":34,"column":0},"end":{"line":45,"column":2}},"8":{"start":{"line":47,"column":0},"end":{"line":52,"column":2}}},"fnMap":{"0":{"name":"(anonymous_0)","decl":{"start":{"line":7,"column":27},"end":{"line":7,"column":28}},"loc":{"start":{"line":9,"column":6},"end":{"line":32,"column":1}},"line":9}},"branchMap":{"0":{"loc":{"start":{"line":14,"column":2},"end":{"line":25,"column":3}},"type":"if","locations":[{"start":{"line":14,"column":2},"end":{"line":25,"column":3}},{"start":{"line":14,"column":2},"end":{"line":25,"column":3}}],"line":14}},"s":{"0":1,"1":0,"2":0,"3":0,"4":0,"5":0,"6":0,"7":1,"8":1},"f":{"0":0},"b":{"0":[0,0]},"_coverageSchema":"1a1c01bbd47fc00a2c39e90264f33305004495a9","hash":"1cf0f58d57548de8029bbd573c90890196ca92cf"}
,"/Users/ochaart/hackreactor/catwalk/client/src/components/Overview/StyledComponents/AddToCartContainer.js": {"path":"/Users/ochaart/hackreactor/catwalk/client/src/components/Overview/StyledComponents/AddToCartContainer.js","statementMap":{"0":{"start":{"line":3,"column":27},"end":{"line":5,"column":1}}},"fnMap":{},"branchMap":{},"s":{"0":1},"f":{},"b":{},"_coverageSchema":"1a1c01bbd47fc00a2c39e90264f33305004495a9","hash":"144f8788a80e27ec59a4c05130d8d90c8b842b0b"}
,"/Users/ochaart/hackreactor/catwalk/client/src/components/Overview/StyledComponents/GalleryContainer.js": {"path":"/Users/ochaart/hackreactor/catwalk/client/src/components/Overview/StyledComponents/GalleryContainer.js","statementMap":{"0":{"start":{"line":3,"column":25},"end":{"line":6,"column":1}}},"fnMap":{},"branchMap":{},"s":{"0":1},"f":{},"b":{},"_coverageSchema":"1a1c01bbd47fc00a2c39e90264f33305004495a9","hash":"05b120811319ff94b4f76e38c34aab9be6bbd2e9"}
,"/Users/ochaart/hackreactor/catwalk/client/src/components/Overview/StyledComponents/InfoContainer.js": {"path":"/Users/ochaart/hackreactor/catwalk/client/src/components/Overview/StyledComponents/InfoContainer.js","statementMap":{"0":{"start":{"line":3,"column":22},"end":{"line":11,"column":1}}},"fnMap":{},"branchMap":{},"s":{"0":1},"f":{},"b":{},"_coverageSchema":"1a1c01bbd47fc00a2c39e90264f33305004495a9","hash":"221f373e07c9c23a6b35f360bdf70d551e97035b"}
,"/Users/ochaart/hackreactor/catwalk/client/src/components/Overview/StyledComponents/LoadingDiv.js": {"path":"/Users/ochaart/hackreactor/catwalk/client/src/components/Overview/StyledComponents/LoadingDiv.js","statementMap":{"0":{"start":{"line":3,"column":19},"end":{"line":5,"column":1}}},"fnMap":{},"branchMap":{},"s":{"0":1},"f":{},"b":{},"_coverageSchema":"1a1c01bbd47fc00a2c39e90264f33305004495a9","hash":"2b2c8811b9c9d0ac570408a42bdfd89d6292d093"}
,"/Users/ochaart/hackreactor/catwalk/client/src/components/Overview/StyledComponents/OverviewContainer.js": {"path":"/Users/ochaart/hackreactor/catwalk/client/src/components/Overview/StyledComponents/OverviewContainer.js","statementMap":{"0":{"start":{"line":3,"column":26},"end":{"line":5,"column":1}}},"fnMap":{},"branchMap":{},"s":{"0":1},"f":{},"b":{},"_coverageSchema":"1a1c01bbd47fc00a2c39e90264f33305004495a9","hash":"fe8e5c1d210fe5f3a3175db8ec6ad289833a7f49"}
,"/Users/ochaart/hackreactor/catwalk/client/src/components/Overview/StyledComponents/ProductInfoContainer.js": {"path":"/Users/ochaart/hackreactor/catwalk/client/src/components/Overview/StyledComponents/ProductInfoContainer.js","statementMap":{"0":{"start":{"line":3,"column":29},"end":{"line":4,"column":1}}},"fnMap":{},"branchMap":{},"s":{"0":1},"f":{},"b":{},"_coverageSchema":"1a1c01bbd47fc00a2c39e90264f33305004495a9","hash":"d379f53d067d7a9a0baaf471855cfbb6456a47d5"}
,"/Users/ochaart/hackreactor/catwalk/client/src/components/Overview/StyledComponents/AddToCart/BagContainer.js": {"path":"/Users/ochaart/hackreactor/catwalk/client/src/components/Overview/StyledComponents/AddToCart/BagContainer.js","statementMap":{"0":{"start":{"line":3,"column":21},"end":{"line":16,"column":1}}},"fnMap":{},"branchMap":{},"s":{"0":1},"f":{},"b":{},"_coverageSchema":"1a1c01bbd47fc00a2c39e90264f33305004495a9","hash":"f80d3afa8f419a576bc3cace7f093c1a1ac93fd8"}
,"/Users/ochaart/hackreactor/catwalk/client/src/components/Overview/StyledComponents/AddToCart/InnerContainer.js": {"path":"/Users/ochaart/hackreactor/catwalk/client/src/components/Overview/StyledComponents/AddToCart/InnerContainer.js","statementMap":{"0":{"start":{"line":3,"column":23},"end":{"line":7,"column":1}}},"fnMap":{},"branchMap":{},"s":{"0":1},"f":{},"b":{},"_coverageSchema":"1a1c01bbd47fc00a2c39e90264f33305004495a9","hash":"7e93c5c9cfee97d1635de6aa1282ea089f0fa572"}
,"/Users/ochaart/hackreactor/catwalk/client/src/components/Overview/StyledComponents/AddToCart/NextRowContainer.js": {"path":"/Users/ochaart/hackreactor/catwalk/client/src/components/Overview/StyledComponents/AddToCart/NextRowContainer.js","statementMap":{"0":{"start":{"line":3,"column":25},"end":{"line":7,"column":1}}},"fnMap":{},"branchMap":{},"s":{"0":1},"f":{},"b":{},"_coverageSchema":"1a1c01bbd47fc00a2c39e90264f33305004495a9","hash":"f961bc619b0643552c93ba43e43a8b3768117351"}
,"/Users/ochaart/hackreactor/catwalk/client/src/components/Overview/StyledComponents/AddToCart/QuantitySelectorContainer.js": {"path":"/Users/ochaart/hackreactor/catwalk/client/src/components/Overview/StyledComponents/AddToCart/QuantitySelectorContainer.js","statementMap":{"0":{"start":{"line":3,"column":34},"end":{"line":16,"column":1}}},"fnMap":{},"branchMap":{},"s":{"0":1},"f":{},"b":{},"_coverageSchema":"1a1c01bbd47fc00a2c39e90264f33305004495a9","hash":"79dfbcbd3390d5ef78415d8e14be3b371777dd5c"}
,"/Users/ochaart/hackreactor/catwalk/client/src/components/Overview/StyledComponents/AddToCart/SelectorContainer.js": {"path":"/Users/ochaart/hackreactor/catwalk/client/src/components/Overview/StyledComponents/AddToCart/SelectorContainer.js","statementMap":{"0":{"start":{"line":3,"column":26},"end":{"line":7,"column":1}}},"fnMap":{},"branchMap":{},"s":{"0":1},"f":{},"b":{},"_coverageSchema":"1a1c01bbd47fc00a2c39e90264f33305004495a9","hash":"94a0dac3b533574b6594a3a7c1cd25a125ec58cd"}
,"/Users/ochaart/hackreactor/catwalk/client/src/components/Overview/StyledComponents/AddToCart/SizeOption.js": {"path":"/Users/ochaart/hackreactor/catwalk/client/src/components/Overview/StyledComponents/AddToCart/SizeOption.js","statementMap":{"0":{"start":{"line":3,"column":19},"end":{"line":10,"column":1}}},"fnMap":{},"branchMap":{},"s":{"0":1},"f":{},"b":{},"_coverageSchema":"1a1c01bbd47fc00a2c39e90264f33305004495a9","hash":"6815179bc57e6b59247a4143fb15cba484c4fb2f"}
,"/Users/ochaart/hackreactor/catwalk/client/src/components/Overview/StyledComponents/AddToCart/SizeSelectorContainer.js": {"path":"/Users/ochaart/hackreactor/catwalk/client/src/components/Overview/StyledComponents/AddToCart/SizeSelectorContainer.js","statementMap":{"0":{"start":{"line":3,"column":30},"end":{"line":17,"column":1}}},"fnMap":{},"branchMap":{},"s":{"0":1},"f":{},"b":{},"_coverageSchema":"1a1c01bbd47fc00a2c39e90264f33305004495a9","hash":"84799a0cc29f0c7e6a0ae8cd7a9ee2320616588a"}
,"/Users/ochaart/hackreactor/catwalk/client/src/components/Overview/StyledComponents/ImageGallery/ExpandButton.js": {"path":"/Users/ochaart/hackreactor/catwalk/client/src/components/Overview/StyledComponents/ImageGallery/ExpandButton.js","statementMap":{"0":{"start":{"line":3,"column":21},"end":{"line":20,"column":1}}},"fnMap":{},"branchMap":{},"s":{"0":1},"f":{},"b":{},"_coverageSchema":"1a1c01bbd47fc00a2c39e90264f33305004495a9","hash":"c4c362a60cc6b3e13eebc2fb457e294586effbb5"}
,"/Users/ochaart/hackreactor/catwalk/client/src/components/Overview/StyledComponents/ImageGallery/GalleryViewerImg.js": {"path":"/Users/ochaart/hackreactor/catwalk/client/src/components/Overview/StyledComponents/ImageGallery/GalleryViewerImg.js","statementMap":{"0":{"start":{"line":3,"column":25},"end":{"line":10,"column":1}},"1":{"start":{"line":6,"column":27},"end":{"line":6,"column":69}},"2":{"start":{"line":9,"column":24},"end":{"line":9,"column":66}}},"fnMap":{"0":{"name":"(anonymous_0)","decl":{"start":{"line":6,"column":15},"end":{"line":6,"column":16}},"loc":{"start":{"line":6,"column":27},"end":{"line":6,"column":69}},"line":6},"1":{"name":"(anonymous_1)","decl":{"start":{"line":9,"column":12},"end":{"line":9,"column":13}},"loc":{"start":{"line":9,"column":24},"end":{"line":9,"column":66}},"line":9}},"branchMap":{"0":{"loc":{"start":{"line":6,"column":27},"end":{"line":6,"column":69}},"type":"cond-expr","locations":[{"start":{"line":6,"column":44},"end":{"line":6,"column":56}},{"start":{"line":6,"column":59},"end":{"line":6,"column":69}}],"line":6},"1":{"loc":{"start":{"line":9,"column":24},"end":{"line":9,"column":66}},"type":"cond-expr","locations":[{"start":{"line":9,"column":43},"end":{"line":9,"column":54}},{"start":{"line":9,"column":57},"end":{"line":9,"column":66}}],"line":9}},"s":{"0":1,"1":0,"2":0},"f":{"0":0,"1":0},"b":{"0":[0,0],"1":[0,0]},"_coverageSchema":"1a1c01bbd47fc00a2c39e90264f33305004495a9","hash":"c19054889112b496d2a63f2af5d99e71a823a9e8"}
,"/Users/ochaart/hackreactor/catwalk/client/src/components/Overview/StyledComponents/ImageGallery/ImageGalleryContainer.js": {"path":"/Users/ochaart/hackreactor/catwalk/client/src/components/Overview/StyledComponents/ImageGallery/ImageGalleryContainer.js","statementMap":{"0":{"start":{"line":3,"column":30},"end":{"line":13,"column":1}},"1":{"start":{"line":7,"column":33},"end":{"line":7,"column":62}},"2":{"start":{"line":8,"column":32},"end":{"line":8,"column":61}}},"fnMap":{"0":{"name":"(anonymous_0)","decl":{"start":{"line":7,"column":12},"end":{"line":7,"column":13}},"loc":{"start":{"line":7,"column":33},"end":{"line":7,"column":62}},"line":7},"1":{"name":"(anonymous_1)","decl":{"start":{"line":8,"column":11},"end":{"line":8,"column":12}},"loc":{"start":{"line":8,"column":32},"end":{"line":8,"column":61}},"line":8}},"branchMap":{"0":{"loc":{"start":{"line":7,"column":33},"end":{"line":7,"column":62}},"type":"cond-expr","locations":[{"start":{"line":7,"column":46},"end":{"line":7,"column":53}},{"start":{"line":7,"column":56},"end":{"line":7,"column":62}}],"line":7},"1":{"loc":{"start":{"line":8,"column":32},"end":{"line":8,"column":61}},"type":"cond-expr","locations":[{"start":{"line":8,"column":45},"end":{"line":8,"column":52}},{"start":{"line":8,"column":55},"end":{"line":8,"column":61}}],"line":8}},"s":{"0":1,"1":0,"2":0},"f":{"0":0,"1":0},"b":{"0":[0,0],"1":[0,0]},"_coverageSchema":"1a1c01bbd47fc00a2c39e90264f33305004495a9","hash":"fdae299c3e500e0ac6db044828503ac196b49fad"}
,"/Users/ochaart/hackreactor/catwalk/client/src/components/Overview/StyledComponents/ImageGallery/NavButton.js": {"path":"/Users/ochaart/hackreactor/catwalk/client/src/components/Overview/StyledComponents/ImageGallery/NavButton.js","statementMap":{"0":{"start":{"line":3,"column":18},"end":{"line":19,"column":1}},"1":{"start":{"line":5,"column":22},"end":{"line":5,"column":51}},"2":{"start":{"line":8,"column":29},"end":{"line":8,"column":96}}},"fnMap":{"0":{"name":"(anonymous_0)","decl":{"start":{"line":5,"column":10},"end":{"line":5,"column":11}},"loc":{"start":{"line":5,"column":22},"end":{"line":5,"column":51}},"line":5},"1":{"name":"(anonymous_1)","decl":{"start":{"line":8,"column":17},"end":{"line":8,"column":18}},"loc":{"start":{"line":8,"column":29},"end":{"line":8,"column":96}},"line":8}},"branchMap":{"0":{"loc":{"start":{"line":5,"column":22},"end":{"line":5,"column":51}},"type":"cond-expr","locations":[{"start":{"line":5,"column":37},"end":{"line":5,"column":43}},{"start":{"line":5,"column":46},"end":{"line":5,"column":51}}],"line":5},"1":{"loc":{"start":{"line":8,"column":29},"end":{"line":8,"column":96}},"type":"cond-expr","locations":[{"start":{"line":8,"column":61},"end":{"line":8,"column":77}},{"start":{"line":8,"column":80},"end":{"line":8,"column":96}}],"line":8}},"s":{"0":1,"1":0,"2":0},"f":{"0":0,"1":0},"b":{"0":[0,0],"1":[0,0]},"_coverageSchema":"1a1c01bbd47fc00a2c39e90264f33305004495a9","hash":"98fe0626ce4da02894b18b4e62b09526d44f8d77"}
,"/Users/ochaart/hackreactor/catwalk/client/src/components/Overview/StyledComponents/ImageGallery/NavContainer.js": {"path":"/Users/ochaart/hackreactor/catwalk/client/src/components/Overview/StyledComponents/ImageGallery/NavContainer.js","statementMap":{"0":{"start":{"line":3,"column":21},"end":{"line":9,"column":1}}},"fnMap":{},"branchMap":{},"s":{"0":1},"f":{},"b":{},"_coverageSchema":"1a1c01bbd47fc00a2c39e90264f33305004495a9","hash":"d88477a8d72c1109d1cc28a0a5cbfd51139c3132"}
,"/Users/ochaart/hackreactor/catwalk/client/src/components/Overview/StyledComponents/ImageGallery/NavThumbnail.js": {"path":"/Users/ochaart/hackreactor/catwalk/client/src/components/Overview/StyledComponents/ImageGallery/NavThumbnail.js","statementMap":{"0":{"start":{"line":3,"column":21},"end":{"line":11,"column":1}}},"fnMap":{},"branchMap":{},"s":{"0":1},"f":{},"b":{},"_coverageSchema":"1a1c01bbd47fc00a2c39e90264f33305004495a9","hash":"83c0205de43b3c421b1a8e03a7d1101b59f7b8c9"}
,"/Users/ochaart/hackreactor/catwalk/client/src/components/Overview/StyledComponents/ImageGallery/NextButtonL.js": {"path":"/Users/ochaart/hackreactor/catwalk/client/src/components/Overview/StyledComponents/ImageGallery/NextButtonL.js","statementMap":{"0":{"start":{"line":3,"column":20},"end":{"line":20,"column":1}}},"fnMap":{},"branchMap":{},"s":{"0":1},"f":{},"b":{},"_coverageSchema":"1a1c01bbd47fc00a2c39e90264f33305004495a9","hash":"aa222c85b04209d59cffae447c1d28acd62614c6"}
,"/Users/ochaart/hackreactor/catwalk/client/src/components/Overview/StyledComponents/ImageGallery/NextButtonR.js": {"path":"/Users/ochaart/hackreactor/catwalk/client/src/components/Overview/StyledComponents/ImageGallery/NextButtonR.js","statementMap":{"0":{"start":{"line":3,"column":20},"end":{"line":19,"column":1}}},"fnMap":{},"branchMap":{},"s":{"0":1},"f":{},"b":{},"_coverageSchema":"1a1c01bbd47fc00a2c39e90264f33305004495a9","hash":"72183a991013619b83c33f8059279967152c9d65"}
,"/Users/ochaart/hackreactor/catwalk/client/src/components/Overview/StyledComponents/ProductInfo/CategoryContainer.js": {"path":"/Users/ochaart/hackreactor/catwalk/client/src/components/Overview/StyledComponents/ProductInfo/CategoryContainer.js","statementMap":{"0":{"start":{"line":3,"column":26},"end":{"line":16,"column":1}}},"fnMap":{},"branchMap":{},"s":{"0":1},"f":{},"b":{},"_coverageSchema":"1a1c01bbd47fc00a2c39e90264f33305004495a9","hash":"b7e1d93bb47802c26312e2c645f70db72cad6cb5"}
,"/Users/ochaart/hackreactor/catwalk/client/src/components/Overview/StyledComponents/ProductInfo/InnerContainer.js": {"path":"/Users/ochaart/hackreactor/catwalk/client/src/components/Overview/StyledComponents/ProductInfo/InnerContainer.js","statementMap":{"0":{"start":{"line":3,"column":23},"end":{"line":5,"column":1}}},"fnMap":{},"branchMap":{},"s":{"0":1},"f":{},"b":{},"_coverageSchema":"1a1c01bbd47fc00a2c39e90264f33305004495a9","hash":"17fa10eec1f3797797f206b3e7f47bb074ef4dc9"}
,"/Users/ochaart/hackreactor/catwalk/client/src/components/Overview/StyledComponents/ProductInfo/NameText.js": {"path":"/Users/ochaart/hackreactor/catwalk/client/src/components/Overview/StyledComponents/ProductInfo/NameText.js","statementMap":{"0":{"start":{"line":3,"column":17},"end":{"line":14,"column":1}}},"fnMap":{},"branchMap":{},"s":{"0":1},"f":{},"b":{},"_coverageSchema":"1a1c01bbd47fc00a2c39e90264f33305004495a9","hash":"dbd402ec7e99e7f8d8f9ecd38ec981f8d3a6e8bd"}
,"/Users/ochaart/hackreactor/catwalk/client/src/components/Overview/StyledComponents/ProductInfo/OnSaleText.js": {"path":"/Users/ochaart/hackreactor/catwalk/client/src/components/Overview/StyledComponents/ProductInfo/OnSaleText.js","statementMap":{"0":{"start":{"line":3,"column":19},"end":{"line":13,"column":1}}},"fnMap":{},"branchMap":{},"s":{"0":1},"f":{},"b":{},"_coverageSchema":"1a1c01bbd47fc00a2c39e90264f33305004495a9","hash":"74ed4b431fa637cc2b7d97994f231da2567524e9"}
,"/Users/ochaart/hackreactor/catwalk/client/src/components/Overview/StyledComponents/ProductInfo/PriceContainer.js": {"path":"/Users/ochaart/hackreactor/catwalk/client/src/components/Overview/StyledComponents/ProductInfo/PriceContainer.js","statementMap":{"0":{"start":{"line":3,"column":23},"end":{"line":7,"column":1}}},"fnMap":{},"branchMap":{},"s":{"0":1},"f":{},"b":{},"_coverageSchema":"1a1c01bbd47fc00a2c39e90264f33305004495a9","hash":"397dfd582a2d423873510943d71c6444dfc69d6a"}
,"/Users/ochaart/hackreactor/catwalk/client/src/components/Overview/StyledComponents/ProductInfo/PriceText.js": {"path":"/Users/ochaart/hackreactor/catwalk/client/src/components/Overview/StyledComponents/ProductInfo/PriceText.js","statementMap":{"0":{"start":{"line":3,"column":18},"end":{"line":9,"column":1}}},"fnMap":{},"branchMap":{},"s":{"0":1},"f":{},"b":{},"_coverageSchema":"1a1c01bbd47fc00a2c39e90264f33305004495a9","hash":"72842dbf574f39633d4cb2c24be14d20b50d9a66"}
,"/Users/ochaart/hackreactor/catwalk/client/src/components/Overview/StyledComponents/ProductInfo/ReviewsNumContainer.js": {"path":"/Users/ochaart/hackreactor/catwalk/client/src/components/Overview/StyledComponents/ProductInfo/ReviewsNumContainer.js","statementMap":{"0":{"start":{"line":3,"column":28},"end":{"line":14,"column":1}}},"fnMap":{},"branchMap":{},"s":{"0":1},"f":{},"b":{},"_coverageSchema":"1a1c01bbd47fc00a2c39e90264f33305004495a9","hash":"6ba7bf6131b7f0f7f2e3fa60cff1d6d4478a0f9a"}
,"/Users/ochaart/hackreactor/catwalk/client/src/components/Overview/StyledComponents/ProductInfo/StarsContainer.js": {"path":"/Users/ochaart/hackreactor/catwalk/client/src/components/Overview/StyledComponents/ProductInfo/StarsContainer.js","statementMap":{"0":{"start":{"line":3,"column":23},"end":{"line":9,"column":1}}},"fnMap":{},"branchMap":{},"s":{"0":1},"f":{},"b":{},"_coverageSchema":"1a1c01bbd47fc00a2c39e90264f33305004495a9","hash":"a48cfbcea0b16ef9450bb278a2bcc969d8f3d738"}
,"/Users/ochaart/hackreactor/catwalk/client/src/components/Overview/StyledComponents/StyleSelector/CheckmarkContainer.js": {"path":"/Users/ochaart/hackreactor/catwalk/client/src/components/Overview/StyledComponents/StyleSelector/CheckmarkContainer.js","statementMap":{"0":{"start":{"line":3,"column":27},"end":{"line":12,"column":1}}},"fnMap":{},"branchMap":{},"s":{"0":1},"f":{},"b":{},"_coverageSchema":"1a1c01bbd47fc00a2c39e90264f33305004495a9","hash":"715cec299106b4cb1a1be1cc43d578d9cb8db9a4"}
,"/Users/ochaart/hackreactor/catwalk/client/src/components/Overview/StyledComponents/StyleSelector/CurrentStyleText.js": {"path":"/Users/ochaart/hackreactor/catwalk/client/src/components/Overview/StyledComponents/StyleSelector/CurrentStyleText.js","statementMap":{"0":{"start":{"line":3,"column":25},"end":{"line":9,"column":1}}},"fnMap":{},"branchMap":{},"s":{"0":1},"f":{},"b":{},"_coverageSchema":"1a1c01bbd47fc00a2c39e90264f33305004495a9","hash":"b339af2eaa47bdc50778e88c637c4dbd0bc3cadc"}
,"/Users/ochaart/hackreactor/catwalk/client/src/components/Overview/StyledComponents/StyleSelector/ImgContainer.js": {"path":"/Users/ochaart/hackreactor/catwalk/client/src/components/Overview/StyledComponents/StyleSelector/ImgContainer.js","statementMap":{"0":{"start":{"line":3,"column":21},"end":{"line":7,"column":1}}},"fnMap":{},"branchMap":{},"s":{"0":1},"f":{},"b":{},"_coverageSchema":"1a1c01bbd47fc00a2c39e90264f33305004495a9","hash":"837dc315ac291ff20b2b9070cebcba446db3428a"}
,"/Users/ochaart/hackreactor/catwalk/client/src/components/Overview/StyledComponents/StyleSelector/InnerContainer.js": {"path":"/Users/ochaart/hackreactor/catwalk/client/src/components/Overview/StyledComponents/StyleSelector/InnerContainer.js","statementMap":{"0":{"start":{"line":3,"column":23},"end":{"line":5,"column":1}}},"fnMap":{},"branchMap":{},"s":{"0":1},"f":{},"b":{},"_coverageSchema":"1a1c01bbd47fc00a2c39e90264f33305004495a9","hash":"67ce01c37602735781dc281551356a113e8aa497"}
,"/Users/ochaart/hackreactor/catwalk/client/src/components/Overview/StyledComponents/StyleSelector/ListContainer.js": {"path":"/Users/ochaart/hackreactor/catwalk/client/src/components/Overview/StyledComponents/StyleSelector/ListContainer.js","statementMap":{"0":{"start":{"line":3,"column":22},"end":{"line":9,"column":1}}},"fnMap":{},"branchMap":{},"s":{"0":1},"f":{},"b":{},"_coverageSchema":"1a1c01bbd47fc00a2c39e90264f33305004495a9","hash":"504ba96b06dba85de5da323192b3e6b6683f39f9"}
,"/Users/ochaart/hackreactor/catwalk/client/src/components/Overview/StyledComponents/StyleSelector/StyleImg.js": {"path":"/Users/ochaart/hackreactor/catwalk/client/src/components/Overview/StyledComponents/StyleSelector/StyleImg.js","statementMap":{"0":{"start":{"line":3,"column":17},"end":{"line":16,"column":1}}},"fnMap":{},"branchMap":{},"s":{"0":1},"f":{},"b":{},"_coverageSchema":"1a1c01bbd47fc00a2c39e90264f33305004495a9","hash":"9d1aec3d556e4cb9f47720cb5bbf164de3ad8249"}
,"/Users/ochaart/hackreactor/catwalk/client/src/components/Overview/StyledComponents/StyleSelector/StylePointerText.js": {"path":"/Users/ochaart/hackreactor/catwalk/client/src/components/Overview/StyledComponents/StyleSelector/StylePointerText.js","statementMap":{"0":{"start":{"line":3,"column":25},"end":{"line":8,"column":1}}},"fnMap":{},"branchMap":{},"s":{"0":1},"f":{},"b":{},"_coverageSchema":"1a1c01bbd47fc00a2c39e90264f33305004495a9","hash":"1e99b3fc57498398ac1cc9a084f660989b4a1e40"}
,"/Users/ochaart/hackreactor/catwalk/client/src/components/Overview/StyledComponents/StyleSelector/TextWrapper.js": {"path":"/Users/ochaart/hackreactor/catwalk/client/src/components/Overview/StyledComponents/StyleSelector/TextWrapper.js","statementMap":{"0":{"start":{"line":3,"column":20},"end":{"line":6,"column":1}}},"fnMap":{},"branchMap":{},"s":{"0":1},"f":{},"b":{},"_coverageSchema":"1a1c01bbd47fc00a2c39e90264f33305004495a9","hash":"3c2e3e82ab942c8a2a3ebb0ca03665d53d415868"}
,"/Users/ochaart/hackreactor/catwalk/client/src/components/RatingsReviews/AverageStarRating.jsx": {"path":"/Users/ochaart/hackreactor/catwalk/client/src/components/RatingsReviews/AverageStarRating.jsx","statementMap":{"0":{"start":{"line":7,"column":2},"end":{"line":9,"column":8}},"1":{"start":{"line":12,"column":2},"end":{"line":20,"column":8}},"2":{"start":{"line":23,"column":2},"end":{"line":31,"column":8}},"3":{"start":{"line":34,"column":2},"end":{"line":42,"column":8}},"4":{"start":{"line":45,"column":2},"end":{"line":47,"column":8}},"5":{"start":{"line":51,"column":16},"end":{"line":51,"column":18}},"6":{"start":{"line":52,"column":24},"end":{"line":52,"column":51}},"7":{"start":{"line":53,"column":2},"end":{"line":53,"column":59}},"8":{"start":{"line":53,"column":15},"end":{"line":53,"column":16}},"9":{"start":{"line":53,"column":37},"end":{"line":53,"column":59}},"10":{"start":{"line":54,"column":2},"end":{"line":63,"column":3}},"11":{"start":{"line":55,"column":18},"end":{"line":55,"column":36}},"12":{"start":{"line":56,"column":4},"end":{"line":62,"column":5}},"13":{"start":{"line":57,"column":6},"end":{"line":57,"column":30}},"14":{"start":{"line":58,"column":11},"end":{"line":62,"column":5}},"15":{"start":{"line":59,"column":6},"end":{"line":59,"column":27}},"16":{"start":{"line":61,"column":6},"end":{"line":61,"column":35}},"17":{"start":{"line":64,"column":2},"end":{"line":64,"column":80}},"18":{"start":{"line":64,"column":15},"end":{"line":64,"column":28}},"19":{"start":{"line":64,"column":58},"end":{"line":64,"column":80}},"20":{"start":{"line":65,"column":2},"end":{"line":65,"column":15}},"21":{"start":{"line":68,"column":26},"end":{"line":75,"column":1}},"22":{"start":{"line":69,"column":2},"end":{"line":74,"column":24}},"23":{"start":{"line":70,"column":40},"end":{"line":70,"column":115}},"24":{"start":{"line":77,"column":0},"end":{"line":79,"column":2}},"25":{"start":{"line":81,"column":0},"end":{"line":83,"column":2}}},"fnMap":{"0":{"name":"getStars","decl":{"start":{"line":50,"column":9},"end":{"line":50,"column":17}},"loc":{"start":{"line":50,"column":25},"end":{"line":66,"column":1}},"line":50},"1":{"name":"(anonymous_1)","decl":{"start":{"line":68,"column":26},"end":{"line":68,"column":27}},"loc":{"start":{"line":69,"column":2},"end":{"line":74,"column":24}},"line":69},"2":{"name":"(anonymous_2)","decl":{"start":{"line":70,"column":23},"end":{"line":70,"column":24}},"loc":{"start":{"line":70,"column":40},"end":{"line":70,"column":115}},"line":70}},"branchMap":{"0":{"loc":{"start":{"line":54,"column":2},"end":{"line":63,"column":3}},"type":"if","locations":[{"start":{"line":54,"column":2},"end":{"line":63,"column":3}},{"start":{"line":54,"column":2},"end":{"line":63,"column":3}}],"line":54},"1":{"loc":{"start":{"line":56,"column":4},"end":{"line":62,"column":5}},"type":"if","locations":[{"start":{"line":56,"column":4},"end":{"line":62,"column":5}},{"start":{"line":56,"column":4},"end":{"line":62,"column":5}}],"line":56},"2":{"loc":{"start":{"line":58,"column":11},"end":{"line":62,"column":5}},"type":"if","locations":[{"start":{"line":58,"column":11},"end":{"line":62,"column":5}},{"start":{"line":58,"column":11},"end":{"line":62,"column":5}}],"line":58},"3":{"loc":{"start":{"line":58,"column":15},"end":{"line":58,"column":44}},"type":"binary-expr","locations":[{"start":{"line":58,"column":15},"end":{"line":58,"column":28}},{"start":{"line":58,"column":32},"end":{"line":58,"column":44}}],"line":58},"4":{"loc":{"start":{"line":64,"column":35},"end":{"line":64,"column":47}},"type":"cond-expr","locations":[{"start":{"line":64,"column":42},"end":{"line":64,"column":43}},{"start":{"line":64,"column":46},"end":{"line":64,"column":47}}],"line":64}},"s":{"0":1,"1":1,"2":1,"3":1,"4":1,"5":6,"6":6,"7":6,"8":6,"9":0,"10":6,"11":0,"12":0,"13":0,"14":0,"15":0,"16":0,"17":6,"18":6,"19":30,"20":6,"21":1,"22":6,"23":30,"24":1,"25":1},"f":{"0":6,"1":6,"2":30},"b":{"0":[0,6],"1":[0,0],"2":[0,0],"3":[0,0],"4":[0,36]},"_coverageSchema":"1a1c01bbd47fc00a2c39e90264f33305004495a9","hash":"e2853b0bf78cc44997fa8c7f3855e03bf202aeba"}
,"/Users/ochaart/hackreactor/catwalk/client/src/components/RatingsReviews/CharacteristicsRefactored.jsx": {"path":"/Users/ochaart/hackreactor/catwalk/client/src/components/RatingsReviews/CharacteristicsRefactored.jsx","statementMap":{"0":{"start":{"line":7,"column":27},"end":{"line":7,"column":32}},"1":{"start":{"line":8,"column":24},"end":{"line":10,"column":3}},"2":{"start":{"line":9,"column":17},"end":{"line":9,"column":91}},"3":{"start":{"line":12,"column":2},"end":{"line":16,"column":4}},"4":{"start":{"line":19,"column":0},"end":{"line":21,"column":2}},"5":{"start":{"line":23,"column":0},"end":{"line":25,"column":2}}},"fnMap":{"0":{"name":"Characteristics","decl":{"start":{"line":6,"column":9},"end":{"line":6,"column":24}},"loc":{"start":{"line":6,"column":32},"end":{"line":17,"column":1}},"line":6},"1":{"name":"(anonymous_1)","decl":{"start":{"line":9,"column":4},"end":{"line":9,"column":5}},"loc":{"start":{"line":9,"column":17},"end":{"line":9,"column":91}},"line":9}},"branchMap":{},"s":{"0":0,"1":0,"2":0,"3":0,"4":1,"5":1},"f":{"0":0,"1":0},"b":{},"_coverageSchema":"1a1c01bbd47fc00a2c39e90264f33305004495a9","hash":"9816a0aa1f8431791af3cb2d38e21e89715efd37"}
[...]
":{"line":65,"column":15},"end":{"line":65,"column":28}},"19":{"start":{"line":65,"column":58},"end":{"line":65,"column":80}},"20":{"start":{"line":66,"column":2},"end":{"line":66,"column":15}},"21":{"start":{"line":69,"column":19},"end":{"line":73,"column":1}},"22":{"start":{"line":70,"column":2},"end":{"line":72,"column":24}},"23":{"start":{"line":71,"column":36},"end":{"line":71,"column":113}},"24":{"start":{"line":77,"column":0},"end":{"line":79,"column":2}},"25":{"start":{"line":81,"column":0},"end":{"line":83,"column":2}}},"fnMap":{"0":{"name":"getStars","decl":{"start":{"line":51,"column":9},"end":{"line":51,"column":17}},"loc":{"start":{"line":51,"column":25},"end":{"line":67,"column":1}},"line":51},"1":{"name":"(anonymous_1)","decl":{"start":{"line":69,"column":19},"end":{"line":69,"column":20}},"loc":{"start":{"line":70,"column":2},"end":{"line":72,"column":24}},"line":70},"2":{"name":"(anonymous_2)","decl":{"start":{"line":71,"column":23},"end":{"line":71,"column":24}},"loc":{"start":{"line":71,"column":36},"end":{"line":71,"column":113}},"line":71}},"branchMap":{"0":{"loc":{"start":{"line":55,"column":2},"end":{"line":64,"column":3}},"type":"if","locations":[{"start":{"line":55,"column":2},"end":{"line":64,"column":3}},{"start":{"line":55,"column":2},"end":{"line":64,"column":3}}],"line":55},"1":{"loc":{"start":{"line":57,"column":4},"end":{"line":63,"column":5}},"type":"if","locations":[{"start":{"line":57,"column":4},"end":{"line":63,"column":5}},{"start":{"line":57,"column":4},"end":{"line":63,"column":5}}],"line":57},"2":{"loc":{"start":{"line":59,"column":11},"end":{"line":63,"column":5}},"type":"if","locations":[{"start":{"line":59,"column":11},"end":{"line":63,"column":5}},{"start":{"line":59,"column":11},"end":{"line":63,"column":5}}],"line":59},"3":{"loc":{"start":{"line":65,"column":35},"end":{"line":65,"column":47}},"type":"cond-expr","locations":[{"start":{"line":65,"column":42},"end":{"line":65,"column":43}},{"start":{"line":65,"column":46},"end":{"line":65,"column":47}}],"line":65}},"s":{"0":1,"1":1,"2":1,"3":1,"4":1,"5":0,"6":0,"7":0,"8":0,"9":0,"10":0,"11":0,"12":0,"13":0,"14":0,"15":0,"16":0,"17":0,"18":0,"19":0,"20":0,"21":1,"22":0,"23":0,"24":1,"25":1},"f":{"0":0,"1":0,"2":0},"b":{"0":[0,0],"1":[0,0],"2":[0,0],"3":[0,0]},"_coverageSchema":"1a1c01bbd47fc00a2c39e90264f33305004495a9","hash":"cd5d134645330610b4efea53ef2a0191418d5e44"}
,"/Users/ochaart/hackreactor/catwalk/client/src/components/RelatedItemsOutfit/sharedComponents/starReviews.jsx": {"path":"/Users/ochaart/hackreactor/catwalk/client/src/components/RelatedItemsOutfit/sharedComponents/starReviews.jsx","statementMap":{"0":{"start":{"line":5,"column":20},"end":{"line":33,"column":1}},"1":{"start":{"line":6,"column":44},"end":{"line":6,"column":55}},"2":{"start":{"line":7,"column":27},"end":{"line":14,"column":3}},"3":{"start":{"line":8,"column":18},"end":{"line":8,"column":19}},"4":{"start":{"line":9,"column":4},"end":{"line":11,"column":5}},"5":{"start":{"line":9,"column":17},"end":{"line":9,"column":18}},"6":{"start":{"line":10,"column":6},"end":{"line":10,"column":35}},"7":{"start":{"line":12,"column":20},"end":{"line":12,"column":44}},"8":{"start":{"line":13,"column":4},"end":{"line":13,"column":30}},"9":{"start":{"line":16,"column":2},"end":{"line":28,"column":16}},"10":{"start":{"line":17,"column":20},"end":{"line":17,"column":25}},"11":{"start":{"line":18,"column":4},"end":{"line":24,"column":11}},"12":{"start":{"line":19,"column":6},"end":{"line":23,"column":7}},"13":{"start":{"line":20,"column":8},"end":{"line":22,"column":9}},"14":{"start":{"line":21,"column":10},"end":{"line":21,"column":36}},"15":{"start":{"line":25,"column":4},"end":{"line":27,"column":6}},"16":{"start":{"line":26,"column":6},"end":{"line":26,"column":23}},"17":{"start":{"line":30,"column":2},"end":{"line":32,"column":4}},"18":{"start":{"line":37,"column":0},"end":{"line":39,"column":2}},"19":{"start":{"line":41,"column":0},"end":{"line":43,"column":2}}},"fnMap":{"0":{"name":"(anonymous_0)","decl":{"start":{"line":5,"column":20},"end":{"line":5,"column":21}},"loc":{"start":{"line":5,"column":37},"end":{"line":33,"column":1}},"line":5},"1":{"name":"(anonymous_1)","decl":{"start":{"line":7,"column":27},"end":{"line":7,"column":28}},"loc":{"start":{"line":7,"column":40},"end":{"line":14,"column":3}},"line":7},"2":{"name":"(anonymous_2)","decl":{"start":{"line":16,"column":12},"end":{"line":16,"column":13}},"loc":{"start":{"line":16,"column":18},"end":{"line":28,"column":3}},"line":16},"3":{"name":"(anonymous_3)","decl":{"start":{"line":18,"column":15},"end":{"line":18,"column":16}},"loc":{"start":{"line":18,"column":21},"end":{"line":24,"column":5}},"line":18},"4":{"name":"(anonymous_4)","decl":{"start":{"line":25,"column":11},"end":{"line":25,"column":12}},"loc":{"start":{"line":25,"column":17},"end":{"line":27,"column":5}},"line":25}},"branchMap":{"0":{"loc":{"start":{"line":19,"column":6},"end":{"line":23,"column":7}},"type":"if","locations":[{"start":{"line":19,"column":6},"end":{"line":23,"column":7}},{"start":{"line":19,"column":6},"end":{"line":23,"column":7}}],"line":19},"1":{"loc":{"start":{"line":20,"column":8},"end":{"line":22,"column":9}},"type":"if","locations":[{"start":{"line":20,"column":8},"end":{"line":22,"column":9}},{"start":{"line":20,"column":8},"end":{"line":22,"column":9}}],"line":20},"2":{"loc":{"start":{"line":20,"column":12},"end":{"line":20,"column":46}},"type":"binary-expr","locations":[{"start":{"line":20,"column":12},"end":{"line":20,"column":28}},{"start":{"line":20,"column":32},"end":{"line":20,"column":46}}],"line":20}},"s":{"0":1,"1":0,"2":0,"3":0,"4":0,"5":0,"6":0,"7":0,"8":0,"9":0,"10":0,"11":0,"12":0,"13":0,"14":0,"15":0,"16":0,"17":0,"18":1,"19":1},"f":{"0":0,"1":0,"2":0,"3":0,"4":0},"b":{"0":[0,0],"1":[0,0],"2":[0,0]},"_coverageSchema":"1a1c01bbd47fc00a2c39e90264f33305004495a9","hash":"cb29a3ea6e3bac2f4a1dbf0f67ca41ced260daa1"}
,"/Users/ochaart/hackreactor/catwalk/client/src/components/RelatedItemsOutfit/styledComponents/sharedStyledC/IndividualStarContainer.js": {"path":"/Users/ochaart/hackreactor/catwalk/client/src/components/RelatedItemsOutfit/styledComponents/sharedStyledC/IndividualStarContainer.js","statementMap":{"0":{"start":{"line":3,"column":32},"end":{"line":11,"column":1}}},"fnMap":{},"branchMap":{},"s":{"0":1},"f":{},"b":{},"_coverageSchema":"1a1c01bbd47fc00a2c39e90264f33305004495a9","hash":"78de77d77a7ded985c5078c6c6d5ac2478eda1df"}
,"/Users/ochaart/hackreactor/catwalk/client/src/components/RelatedItemsOutfit/styledComponents/sharedStyledC/StarRatingContainer.js": {"path":"/Users/ochaart/hackreactor/catwalk/client/src/components/RelatedItemsOutfit/styledComponents/sharedStyledC/StarRatingContainer.js","statementMap":{"0":{"start":{"line":3,"column":28},"end":{"line":13,"column":1}}},"fnMap":{},"branchMap":{},"s":{"0":1},"f":{},"b":{},"_coverageSchema":"1a1c01bbd47fc00a2c39e90264f33305004495a9","hash":"d9144f877d0a59ac22c360d37ae5447961765faf"}
,"/Users/ochaart/hackreactor/catwalk/client/src/components/RelatedItemsOutfit/styledComponents/sharedStyledC/allCarouselContainer.js": {"path":"/Users/ochaart/hackreactor/catwalk/client/src/components/RelatedItemsOutfit/styledComponents/sharedStyledC/allCarouselContainer.js","statementMap":{"0":{"start":{"line":3,"column":29},"end":{"line":52,"column":1}}},"fnMap":{},"branchMap":{},"s":{"0":1},"f":{},"b":{},"_coverageSchema":"1a1c01bbd47fc00a2c39e90264f33305004495a9","hash":"7e7bfe0cb72c0c452ddb0fcd071b48c8170e40e8"}
,"/Users/ochaart/hackreactor/catwalk/client/src/components/RelatedItemsOutfit/styledComponents/sharedStyledC/buttonContainer.js": {"path":"/Users/ochaart/hackreactor/catwalk/client/src/components/RelatedItemsOutfit/styledComponents/sharedStyledC/buttonContainer.js","statementMap":{"0":{"start":{"line":3,"column":24},"end":{"line":22,"column":1}}},"fnMap":{},"branchMap":{},"s":{"0":1},"f":{},"b":{},"_coverageSchema":"1a1c01bbd47fc00a2c39e90264f33305004495a9","hash":"0198ceb6c10d2b9f35d729176f748a4d4c371563"}
,"/Users/ochaart/hackreactor/catwalk/client/src/components/RelatedItemsOutfit/styledComponents/sharedStyledC/navigationContainer.js": {"path":"/Users/ochaart/hackreactor/catwalk/client/src/components/RelatedItemsOutfit/styledComponents/sharedStyledC/navigationContainer.js","statementMap":{"0":{"start":{"line":3,"column":28},"end":{"line":21,"column":1}},"1":{"start":{"line":22,"column":0},"end":{"line":22,"column":46}}},"fnMap":{},"branchMap":{},"s":{"0":1,"1":1},"f":{},"b":{},"_coverageSchema":"1a1c01bbd47fc00a2c39e90264f33305004495a9","hash":"17cdc1ca821dd60e0330fb77422ae894735071d7"}
,"/Users/ochaart/hackreactor/catwalk/client/src/components/RelatedItemsOutfit/styledComponents/styledOutfit/addOutfitContainer.js": {"path":"/Users/ochaart/hackreactor/catwalk/client/src/components/RelatedItemsOutfit/styledComponents/styledOutfit/addOutfitContainer.js","statementMap":{"0":{"start":{"line":3,"column":27},"end":{"line":41,"column":1}}},"fnMap":{},"branchMap":{},"s":{"0":1},"f":{},"b":{},"_coverageSchema":"1a1c01bbd47fc00a2c39e90264f33305004495a9","hash":"ee66f49f69be72ba7f4c53d9e72f7feddc46378d"}
,"/Users/ochaart/hackreactor/catwalk/client/src/components/RelatedItemsOutfit/styledComponents/styledOutfit/addOutfitText.js": {"path":"/Users/ochaart/hackreactor/catwalk/client/src/components/RelatedItemsOutfit/styledComponents/styledOutfit/addOutfitText.js","statementMap":{"0":{"start":{"line":3,"column":22},"end":{"line":23,"column":1}}},"fnMap":{},"branchMap":{},"s":{"0":1},"f":{},"b":{},"_coverageSchema":"1a1c01bbd47fc00a2c39e90264f33305004495a9","hash":"d8c728db8745a15772f9dfca1df6c0062b8b07e4"}
,"/Users/ochaart/hackreactor/catwalk/client/src/components/RelatedItemsOutfit/styledComponents/styledOutfit/outfitAction.js": {"path":"/Users/ochaart/hackreactor/catwalk/client/src/components/RelatedItemsOutfit/styledComponents/styledOutfit/outfitAction.js","statementMap":{"0":{"start":{"line":3,"column":21},"end":{"line":24,"column":1}}},"fnMap":{},"branchMap":{},"s":{"0":1},"f":{},"b":{},"_coverageSchema":"1a1c01bbd47fc00a2c39e90264f33305004495a9","hash":"8c8076e961821d4c660f3448481cae4f127f2850"}
,"/Users/ochaart/hackreactor/catwalk/client/src/components/RelatedItemsOutfit/styledComponents/styledOutfit/outfitContainer.js": {"path":"/Users/ochaart/hackreactor/catwalk/client/src/components/RelatedItemsOutfit/styledComponents/styledOutfit/outfitContainer.js","statementMap":{"0":{"start":{"line":3,"column":24},"end":{"line":8,"column":1}}},"fnMap":{},"branchMap":{},"s":{"0":1},"f":{},"b":{},"_coverageSchema":"1a1c01bbd47fc00a2c39e90264f33305004495a9","hash":"8d7830ccbdf839be283791e2f9d23aa3e9bb24d7"}
,"/Users/ochaart/hackreactor/catwalk/client/src/components/RelatedItemsOutfit/styledComponents/styledOutfit/outfitItemsContainer.js": {"path":"/Users/ochaart/hackreactor/catwalk/client/src/components/RelatedItemsOutfit/styledComponents/styledOutfit/outfitItemsContainer.js","statementMap":{"0":{"start":{"line":3,"column":29},"end":{"line":19,"column":1}}},"fnMap":{},"branchMap":{},"s":{"0":1},"f":{},"b":{},"_coverageSchema":"1a1c01bbd47fc00a2c39e90264f33305004495a9","hash":"63794479ccd6b1eea449e9e6cb5aa501dbc9acab"}
,"/Users/ochaart/hackreactor/catwalk/client/src/components/RelatedItemsOutfit/styledComponents/styledRelated/compareContainer.js": {"path":"/Users/ochaart/hackreactor/catwalk/client/src/components/RelatedItemsOutfit/styledComponents/styledRelated/compareContainer.js","statementMap":{"0":{"start":{"line":3,"column":25},"end":{"line":14,"column":1}}},"fnMap":{},"branchMap":{},"s":{"0":1},"f":{},"b":{},"_coverageSchema":"1a1c01bbd47fc00a2c39e90264f33305004495a9","hash":"336e2cab8ead3c42aaff1b03c6474b06de746726"}
,"/Users/ochaart/hackreactor/catwalk/client/src/components/RelatedItemsOutfit/styledComponents/styledRelated/descriptionsContainer.js": {"path":"/Users/ochaart/hackreactor/catwalk/client/src/components/RelatedItemsOutfit/styledComponents/styledRelated/descriptionsContainer.js","statementMap":{"0":{"start":{"line":3,"column":30},"end":{"line":32,"column":1}}},"fnMap":{},"branchMap":{},"s":{"0":1},"f":{},"b":{},"_coverageSchema":"1a1c01bbd47fc00a2c39e90264f33305004495a9","hash":"205ab2b8781a37af443201ea3fe348bbed6650d0"}
,"/Users/ochaart/hackreactor/catwalk/client/src/components/RelatedItemsOutfit/styledComponents/styledRelated/image.js": {"path":"/Users/ochaart/hackreactor/catwalk/client/src/components/RelatedItemsOutfit/styledComponents/styledRelated/image.js","statementMap":{"0":{"start":{"line":3,"column":14},"end":{"line":7,"column":1}}},"fnMap":{},"branchMap":{},"s":{"0":1},"f":{},"b":{},"_coverageSchema":"1a1c01bbd47fc00a2c39e90264f33305004495a9","hash":"a359da6d2daad7082245afe8cb3a06afd93633fb"}
,"/Users/ochaart/hackreactor/catwalk/client/src/components/RelatedItemsOutfit/styledComponents/styledRelated/imageContainer.js": {"path":"/Users/ochaart/hackreactor/catwalk/client/src/components/RelatedItemsOutfit/styledComponents/styledRelated/imageContainer.js","statementMap":{"0":{"start":{"line":3,"column":23},"end":{"line":10,"column":1}}},"fnMap":{},"branchMap":{},"s":{"0":1},"f":{},"b":{},"_coverageSchema":"1a1c01bbd47fc00a2c39e90264f33305004495a9","hash":"5b8163e49f987c5c6ae4006298466d4e00c9b675"}
,"/Users/ochaart/hackreactor/catwalk/client/src/components/RelatedItemsOutfit/styledComponents/styledRelated/left.js": {"path":"/Users/ochaart/hackreactor/catwalk/client/src/components/RelatedItemsOutfit/styledComponents/styledRelated/left.js","statementMap":{"0":{"start":{"line":3,"column":13},"end":{"line":25,"column":1}}},"fnMap":{},"branchMap":{},"s":{"0":1},"f":{},"b":{},"_coverageSchema":"1a1c01bbd47fc00a2c39e90264f33305004495a9","hash":"93a5e74cae18e364c24f98757645a9c7aa283efc"}
,"/Users/ochaart/hackreactor/catwalk/client/src/components/RelatedItemsOutfit/styledComponents/styledRelated/modal.js": {"path":"/Users/ochaart/hackreactor/catwalk/client/src/components/RelatedItemsOutfit/styledComponents/styledRelated/modal.js","statementMap":{"0":{"start":{"line":3,"column":14},"end":{"line":20,"column":1}}},"fnMap":{},"branchMap":{},"s":{"0":1},"f":{},"b":{},"_coverageSchema":"1a1c01bbd47fc00a2c39e90264f33305004495a9","hash":"5b5ac3eb64bbe125b8f030fc34d3cbc8f595ee9b"}
,"/Users/ochaart/hackreactor/catwalk/client/src/components/RelatedItemsOutfit/styledComponents/styledRelated/modalContainer.js": {"path":"/Users/ochaart/hackreactor/catwalk/client/src/components/RelatedItemsOutfit/styledComponents/styledRelated/modalContainer.js","statementMap":{"0":{"start":{"line":3,"column":23},"end":{"line":15,"column":1}}},"fnMap":{},"branchMap":{},"s":{"0":1},"f":{},"b":{},"_coverageSchema":"1a1c01bbd47fc00a2c39e90264f33305004495a9","hash":"c2a3bbc03f1467e0bb6785e9c6d253ebf58d3237"}
,"/Users/ochaart/hackreactor/catwalk/client/src/components/RelatedItemsOutfit/styledComponents/styledRelated/productContainer.js": {"path":"/Users/ochaart/hackreactor/catwalk/client/src/components/RelatedItemsOutfit/styledComponents/styledRelated/productContainer.js","statementMap":{"0":{"start":{"line":4,"column":25},"end":{"line":20,"column":1}},"1":{"start":{"line":21,"column":0},"end":{"line":21,"column":50}}},"fnMap":{},"branchMap":{},"s":{"0":1,"1":1},"f":{},"b":{},"_coverageSchema":"1a1c01bbd47fc00a2c39e90264f33305004495a9","hash":"bb8a9854e3fb074debaafb2bcac6391eca260d9b"}
,"/Users/ochaart/hackreactor/catwalk/client/src/components/RelatedItemsOutfit/styledComponents/styledRelated/relatedAction.js": {"path":"/Users/ochaart/hackreactor/catwalk/client/src/components/RelatedItemsOutfit/styledComponents/styledRelated/relatedAction.js","statementMap":{"0":{"start":{"line":3,"column":22},"end":{"line":19,"column":1}},"1":{"start":{"line":20,"column":0},"end":{"line":20,"column":44}}},"fnMap":{},"branchMap":{},"s":{"0":1,"1":1},"f":{},"b":{},"_coverageSchema":"1a1c01bbd47fc00a2c39e90264f33305004495a9","hash":"ea0563638c38bab805ee90abaf782d745863b374"}
,"/Users/ochaart/hackreactor/catwalk/client/src/components/RelatedItemsOutfit/styledComponents/styledRelated/relatedContainer.js": {"path":"/Users/ochaart/hackreactor/catwalk/client/src/components/RelatedItemsOutfit/styledComponents/styledRelated/relatedContainer.js","statementMap":{"0":{"start":{"line":3,"column":25},"end":{"line":8,"column":1}}},"fnMap":{},"branchMap":{},"s":{"0":1},"f":{},"b":{},"_coverageSchema":"1a1c01bbd47fc00a2c39e90264f33305004495a9","hash":"ddf53eaa04e0bab2a8b0e13a89f841bad072723e"}
,"/Users/ochaart/hackreactor/catwalk/client/src/components/RelatedItemsOutfit/styledComponents/styledRelated/relatedItemsContainer.js": {"path":"/Users/ochaart/hackreactor/catwalk/client/src/components/RelatedItemsOutfit/styledComponents/styledRelated/relatedItemsContainer.js","statementMap":{"0":{"start":{"line":3,"column":30},"end":{"line":21,"column":1}}},"fnMap":{},"branchMap":{},"s":{"0":1},"f":{},"b":{},"_coverageSchema":"1a1c01bbd47fc00a2c39e90264f33305004495a9","hash":"385a7070de541109da7909edbf8d5e1622c6571f"}
,"/Users/ochaart/hackreactor/catwalk/client/src/components/RelatedItemsOutfit/styledComponents/styledRelated/right.js": {"path":"/Users/ochaart/hackreactor/catwalk/client/src/components/RelatedItemsOutfit/styledComponents/styledRelated/right.js","statementMap":{"0":{"start":{"line":3,"column":14},"end":{"line":25,"column":1}}},"fnMap":{},"branchMap":{},"s":{"0":1},"f":{},"b":{},"_coverageSchema":"1a1c01bbd47fc00a2c39e90264f33305004495a9","hash":"f814e95156c172381e967106a234ce58f04d8db7"}
,"/Users/ochaart/hackreactor/catwalk/client/src/components/RelatedItemsOutfit/styledComponents/styledRelated/salePrice.js": {"path":"/Users/ochaart/hackreactor/catwalk/client/src/components/RelatedItemsOutfit/styledComponents/styledRelated/salePrice.js","statementMap":{"0":{"start":{"line":3,"column":18},"end":{"line":6,"column":1}}},"fnMap":{},"branchMap":{},"s":{"0":1},"f":{},"b":{},"_coverageSchema":"1a1c01bbd47fc00a2c39e90264f33305004495a9","hash":"29100c250195c0fb6f1338561db113522c167d8d"}
,"/Users/ochaart/hackreactor/catwalk/client/src/components/RelatedItemsOutfit/styledComponents/styledRelated/svgArrowL.js": {"path":"/Users/ochaart/hackreactor/catwalk/client/src/components/RelatedItemsOutfit/styledComponents/styledRelated/svgArrowL.js","statementMap":{"0":{"start":{"line":3,"column":18},"end":{"line":9,"column":1}}},"fnMap":{},"branchMap":{},"s":{"0":1},"f":{},"b":{},"_coverageSchema":"1a1c01bbd47fc00a2c39e90264f33305004495a9","hash":"df9e16ccbfd59c6fb28c28819601e6aba36330e0"}
,"/Users/ochaart/hackreactor/catwalk/client/src/components/RelatedItemsOutfit/styledComponents/styledRelated/svgArrowR.js": {"path":"/Users/ochaart/hackreactor/catwalk/client/src/components/RelatedItemsOutfit/styledComponents/styledRelated/svgArrowR.js","statementMap":{"0":{"start":{"line":3,"column":18},"end":{"line":9,"column":1}}},"fnMap":{},"branchMap":{},"s":{"0":1},"f":{},"b":{},"_coverageSchema":"1a1c01bbd47fc00a2c39e90264f33305004495a9","hash":"eeb227f7868453f828bc225f242189f3a2e627fd"}
,"/Users/ochaart/hackreactor/catwalk/client/src/components/RelatedItemsOutfit/styledComponents/styledRelated/title.js": {"path":"/Users/ochaart/hackreactor/catwalk/client/src/components/RelatedItemsOutfit/styledComponents/styledRelated/title.js","statementMap":{"0":{"start":{"line":3,"column":14},"end":{"line":10,"column":1}},"1":{"start":{"line":11,"column":0},"end":{"line":11,"column":28}}},"fnMap":{},"branchMap":{},"s":{"0":1,"1":1},"f":{},"b":{},"_coverageSchema":"1a1c01bbd47fc00a2c39e90264f33305004495a9","hash":"0a84d339cd302fd189012c65bc980bda9532ded5"}
,"/Users/ochaart/hackreactor/catwalk/client/src/components/RelatedItemsOutfit/styledComponents/styledRelated/titleContainer.js": {"path":"/Users/ochaart/hackreactor/catwalk/client/src/components/RelatedItemsOutfit/styledComponents/styledRelated/titleContainer.js","statementMap":{"0":{"start":{"line":3,"column":23},"end":{"line":15,"column":1}}},"fnMap":{},"branchMap":{},"s":{"0":1},"f":{},"b":{},"_coverageSchema":"1a1c01bbd47fc00a2c39e90264f33305004495a9","hash":"efd971b1f3ea21ce988691d5f74dd5e9c7ff94c7"}
}
