TN:
SF:client/src/components/Sidebar.jsx
FN:12,(anonymous_0)
FN:19,(anonymous_1)
FN:30,(anonymous_2)
FN:35,(anonymous_3)
FN:41,(anonymous_4)
FNF:5
FNH:2
FNDA:6,(anonymous_0)
FNDA:0,(anonymous_1)
FNDA:0,(anonymous_2)
FNDA:0,(anonymous_3)
FNDA:6,(anonymous_4)
DA:13,6
DA:14,6
DA:20,0
DA:21,0
DA:22,0
DA:23,0
DA:25,0
DA:26,0
DA:31,0
DA:36,0
DA:42,6
DA:43,6
DA:44,6
DA:45,6
DA:47,6
DA:48,6
DA:50,0
DA:52,0
DA:69,1
DA:98,1
LF:20
LH:10
BRDA:25,0,0,0
BRDA:25,0,1,0
BRDA:47,1,0,6
BRDA:47,1,1,0
BRDA:47,2,0,6
BRDA:47,2,1,0
BRF:6
BRH:2
end_of_record
TN:
SF:client/src/components/app.jsx
FN:6,(anonymous_0)
FNF:1
FNH:1
FNDA:4,(anonymous_0)
DA:6,1
DA:7,4
LF:2
LH:2
BRF:0
BRH:0
end_of_record
TN:
SF:client/src/components/appComponent.jsx
FN:13,(anonymous_0)
FN:20,(anonymous_1)
FN:43,(anonymous_2)
FN:57,(anonymous_3)
FN:59,(anonymous_4)
FN:62,(anonymous_5)
FN:67,(anonymous_6)
FN:77,(anonymous_7)
FNF:8
FNH:3
FNDA:6,(anonymous_0)
FNDA:0,(anonymous_1)
FNDA:0,(anonymous_2)
FNDA:6,(anonymous_3)
FNDA:0,(anonymous_4)
FNDA:0,(anonymous_5)
FNDA:6,(anonymous_6)
FNDA:0,(anonymous_7)
DA:13,1
DA:14,6
DA:15,6
DA:16,6
DA:17,6
DA:18,6
DA:20,6
DA:21,0
DA:22,0
DA:23,0
DA:24,0
DA:27,0
DA:28,0
DA:29,0
DA:31,0
DA:34,0
DA:35,0
DA:36,0
DA:37,0
DA:38,0
DA:40,0
DA:43,6
DA:44,0
DA:45,0
DA:46,0
DA:47,0
DA:49,0
DA:51,0
DA:52,0
DA:53,0
DA:57,6
DA:58,6
DA:60,0
DA:63,0
DA:66,6
DA:67,6
DA:68,6
DA:69,6
DA:70,6
DA:72,0
DA:77,6
DA:78,0
DA:81,6
DA:120,1
DA:129,1
LF:45
LH:19
BRDA:23,0,0,0
BRDA:23,0,1,0
BRDA:24,1,0,0
BRDA:24,1,1,0
BRDA:28,2,0,0
BRDA:28,2,1,0
BRDA:29,3,0,0
BRDA:29,3,1,0
BRDA:31,4,0,0
BRDA:31,4,1,0
BRDA:46,5,0,0
BRDA:46,5,1,0
BRDA:52,6,0,0
BRDA:52,6,1,0
BRDA:68,7,0,6
BRDA:68,7,1,0
BRDA:69,8,0,6
BRDA:69,8,1,0
BRDA:83,9,0,0
BRDA:83,9,1,6
BRF:20
BRH:3
end_of_record
TN:
SF:client/src/components/Overview/Overview.jsx
FN:10,(anonymous_0)
FN:17,(anonymous_1)
FN:28,(anonymous_2)
FN:33,(anonymous_3)
FN:36,(anonymous_4)
FN:42,(anonymous_5)
FN:48,(anonymous_6)
FNF:7
FNH:2
FNDA:6,(anonymous_0)
FNDA:0,(anonymous_1)
FNDA:0,(anonymous_2)
FNDA:0,(anonymous_3)
FNDA:0,(anonymous_4)
FNDA:0,(anonymous_5)
FNDA:6,(anonymous_6)
DA:11,6
DA:12,6
DA:18,0
DA:19,0
DA:20,0
DA:21,0
DA:23,0
DA:24,0
DA:29,0
DA:34,0
DA:37,0
DA:43,0
DA:44,0
DA:45,0
DA:49,6
DA:50,6
DA:52,6
DA:53,6
DA:55,0
DA:57,0
DA:66,1
DA:95,1
LF:22
LH:8
BRDA:23,0,0,0
BRDA:23,0,1,0
BRDA:52,1,0,6
BRDA:52,1,1,0
BRDA:52,2,0,6
BRDA:52,2,1,0
BRF:6
BRH:2
end_of_record
TN:
SF:client/src/components/Overview/AddToCart/AddToCart.jsx
FN:10,(anonymous_0)
FN:15,(anonymous_1)
FN:19,(anonymous_2)
FN:23,(anonymous_3)
FN:38,(anonymous_4)
FNF:5
FNH:0
FNDA:0,(anonymous_0)
FNDA:0,(anonymous_1)
FNDA:0,(anonymous_2)
FNDA:0,(anonymous_3)
FNDA:0,(anonymous_4)
DA:10,1
DA:12,0
DA:13,0
DA:15,0
DA:16,0
DA:19,0
DA:20,0
DA:23,0
DA:24,0
DA:26,0
DA:28,0
DA:29,0
DA:30,0
DA:31,0
DA:35,0
DA:38,0
DA:39,0
DA:42,0
DA:43,0
DA:66,1
DA:76,1
LF:21
LH:3
BRDA:30,0,0,0
BRDA:30,0,1,0
BRF:2
BRH:0
end_of_record
TN:
SF:client/src/components/Overview/AddToCart/Bag.jsx
FN:6,(anonymous_0)
FN:11,(anonymous_1)
FN:21,(anonymous_2)
FNF:3
FNH:0
FNDA:0,(anonymous_0)
FNDA:0,(anonymous_1)
FNDA:0,(anonymous_2)
DA:6,1
DA:7,0
DA:8,0
DA:11,0
DA:12,0
DA:14,0
DA:16,0
DA:17,0
DA:22,0
DA:27,0
DA:34,1
DA:42,1
LF:12
LH:3
BRDA:7,0,0,0
BRDA:7,0,1,0
BRDA:12,1,0,0
BRDA:12,1,1,0
BRF:4
BRH:0
end_of_record
TN:
SF:client/src/components/Overview/AddToCart/QuantitySelector.jsx
FN:5,(anonymous_0)
FN:14,(anonymous_1)
FN:17,(anonymous_2)
FN:36,(anonymous_3)
FNF:4
FNH:0
FNDA:0,(anonymous_0)
FNDA:0,(anonymous_1)
FNDA:0,(anonymous_2)
FNDA:0,(anonymous_3)
DA:5,1
DA:6,0
DA:7,0
DA:14,0
DA:15,0
DA:17,0
DA:18,0
DA:19,0
DA:21,0
DA:22,0
DA:23,0
DA:26,0
DA:29,0
DA:32,0
DA:34,0
DA:37,0
DA:43,1
DA:57,1
LF:18
LH:3
BRDA:6,0,0,0
BRDA:6,0,1,0
BRDA:6,1,0,0
BRDA:6,1,1,0
BRDA:22,2,0,0
BRDA:22,2,1,0
BRF:6
BRH:0
end_of_record
TN:
SF:client/src/components/Overview/AddToCart/SizeSelector.jsx
FN:6,(anonymous_0)
FN:14,(anonymous_1)
FN:21,(anonymous_2)
FNF:3
FNH:0
FNDA:0,(anonymous_0)
FNDA:0,(anonymous_1)
FNDA:0,(anonymous_2)
DA:6,1
DA:7,0
DA:8,0
DA:14,0
DA:15,0
DA:18,0
DA:22,0
DA:23,0
DA:24,0
DA:32,1
DA:41,1
LF:11
LH:3
BRDA:7,0,0,0
BRDA:7,0,1,0
BRF:2
BRH:0
end_of_record
TN:
SF:client/src/components/Overview/ImageGallery/ImageGallery.jsx
FN:10,(anonymous_0)
FN:16,(anonymous_1)
FN:20,(anonymous_2)
FN:24,(anonymous_3)
FN:28,(anonymous_4)
FN:32,(anonymous_5)
FN:36,(anonymous_6)
FN:44,(anonymous_7)
FN:54,(anonymous_8)
FN:69,(anonymous_9)
FN:101,(anonymous_10)
FNF:11
FNH:0
FNDA:0,(anonymous_0)
FNDA:0,(anonymous_1)
FNDA:0,(anonymous_2)
FNDA:0,(anonymous_3)
FNDA:0,(anonymous_4)
FNDA:0,(anonymous_5)
FNDA:0,(anonymous_6)
FNDA:0,(anonymous_7)
FNDA:0,(anonymous_8)
FNDA:0,(anonymous_9)
FNDA:0,(anonymous_10)
DA:10,1
DA:11,0
DA:12,0
DA:13,0
DA:14,0
DA:16,0
DA:17,0
DA:20,0
DA:21,0
DA:24,0
DA:25,0
DA:28,0
DA:29,0
DA:32,0
DA:33,0
DA:36,0
DA:37,0
DA:40,0
DA:41,0
DA:44,0
DA:45,0
DA:46,0
DA:47,0
DA:48,0
DA:50,0
DA:54,0
DA:55,0
DA:56,0
DA:59,0
DA:69,0
DA:70,0
DA:71,0
DA:77,0
DA:82,0
DA:102,0
DA:103,0
DA:104,0
DA:105,0
DA:109,0
DA:115,1
DA:119,1
LF:41
LH:3
BRDA:25,0,0,0
BRDA:25,0,1,0
BRDA:29,1,0,0
BRDA:29,1,1,0
BRDA:40,2,0,0
BRDA:40,2,1,0
BRDA:40,3,0,0
BRDA:40,3,1,0
BRDA:45,4,0,0
BRDA:45,4,1,0
BRDA:47,5,0,0
BRDA:47,5,1,0
BRDA:55,6,0,0
BRDA:55,6,1,0
BRDA:70,7,0,0
BRDA:70,7,1,0
BRDA:104,8,0,0
BRDA:104,8,1,0
BRF:18
BRH:0
end_of_record
TN:
SF:client/src/components/Overview/ImageGallery/Nav.jsx
FN:7,(anonymous_0)
FN:9,(anonymous_1)
FN:14,(anonymous_2)
FNF:3
FNH:0
FNDA:0,(anonymous_0)
FNDA:0,(anonymous_1)
FNDA:0,(anonymous_2)
DA:7,1
DA:8,0
DA:10,0
DA:11,0
DA:13,0
DA:14,0
DA:22,1
DA:28,1
LF:8
LH:3
BRF:0
BRH:0
end_of_record
TN:
SF:client/src/components/Overview/ProductInfo/Price.jsx
FN:7,(anonymous_0)
FNF:1
FNH:0
FNDA:0,(anonymous_0)
DA:7,1
DA:8,0
DA:9,0
DA:10,0
DA:16,0
DA:24,1
DA:29,1
LF:7
LH:3
BRDA:9,0,0,0
BRDA:9,0,1,0
BRF:2
BRH:0
end_of_record
TN:
SF:client/src/components/Overview/ProductInfo/ProductInfo.jsx
FN:10,(anonymous_0)
FN:18,(anonymous_1)
FNF:2
FNH:0
FNDA:0,(anonymous_0)
FNDA:0,(anonymous_1)
DA:11,0
DA:13,0
DA:19,0
DA:20,0
DA:21,0
DA:22,0
DA:23,0
DA:25,0
DA:35,1
DA:58,1
LF:10
LH:2
BRF:0
BRH:0
end_of_record
TN:
SF:client/src/components/Overview/ProductInfo/Stars.jsx
FN:7,(anonymous_0)
FN:10,(anonymous_1)
FNF:2
FNH:0
FNDA:0,(anonymous_0)
FNDA:0,(anonymous_1)
DA:7,1
DA:8,0
DA:10,0
DA:11,0
DA:17,0
DA:25,1
DA:29,1
LF:7
LH:3
BRF:0
BRH:0
end_of_record
TN:
SF:client/src/components/Overview/SharedComponents/IndividualStarContainer.js
FNF:0
FNH:0
DA:3,1
LF:1
LH:1
BRF:0
BRH:0
end_of_record
TN:
SF:client/src/components/Overview/SharedComponents/MainContainer.js
FNF:0
FNH:0
DA:3,1
LF:1
LH:1
BRF:0
BRH:0
end_of_record
TN:
SF:client/src/components/Overview/SharedComponents/StarRatingContainer.js
FNF:0
FNH:0
DA:3,1
LF:1
LH:1
BRF:0
BRH:0
end_of_record
TN:
SF:client/src/components/Overview/SharedComponents/StarRatings.jsx
FN:51,getStars
FN:69,(anonymous_1)
FN:71,(anonymous_2)
FNF:3
FNH:0
FNDA:0,getStars
FNDA:0,(anonymous_1)
FNDA:0,(anonymous_2)
DA:8,1
DA:13,1
DA:24,1
DA:35,1
DA:46,1
DA:52,0
DA:53,0
DA:54,0
DA:55,0
DA:56,0
DA:57,0
DA:58,0
DA:59,0
DA:60,0
DA:62,0
DA:65,0
DA:66,0
DA:69,1
DA:70,0
DA:71,0
DA:77,1
DA:81,1
LF:22
LH:8
BRDA:55,0,0,0
BRDA:55,0,1,0
BRDA:57,1,0,0
BRDA:57,1,1,0
BRDA:59,2,0,0
BRDA:59,2,1,0
BRDA:59,3,0,0
BRDA:59,3,1,0
BRDA:65,4,0,0
BRDA:65,4,1,0
BRF:10
BRH:0
end_of_record
TN:
SF:client/src/components/Overview/SharedComponents/StarReviews.jsx
FN:5,(anonymous_0)
FN:7,(anonymous_1)
FN:16,(anonymous_2)
FN:18,(anonymous_3)
FN:25,(anonymous_4)
FNF:5
FNH:0
FNDA:0,(anonymous_0)
FNDA:0,(anonymous_1)
FNDA:0,(anonymous_2)
FNDA:0,(anonymous_3)
FNDA:0,(anonymous_4)
DA:5,1
DA:6,0
DA:7,0
DA:8,0
DA:9,0
DA:10,0
DA:12,0
DA:13,0
DA:16,0
DA:17,0
DA:18,0
DA:19,0
DA:20,0
DA:21,0
DA:25,0
DA:26,0
DA:30,0
DA:37,1
DA:41,1
LF:19
LH:3
BRDA:19,0,0,0
BRDA:19,0,1,0
BRDA:20,1,0,0
BRDA:20,1,1,0
BRDA:20,2,0,0
BRDA:20,2,1,0
BRF:6
BRH:0
end_of_record
TN:
SF:client/src/components/Overview/StyleSelector/StyleSelector.jsx
FN:11,(anonymous_0)
FN:18,(anonymous_1)
FN:29,(anonymous_2)
FN:38,(anonymous_3)
FNF:4
FNH:0
FNDA:0,(anonymous_0)
FNDA:0,(anonymous_1)
FNDA:0,(anonymous_2)
FNDA:0,(anonymous_3)
DA:12,0
DA:13,0
DA:19,0
DA:20,0
DA:22,0
DA:30,0
DA:32,0
DA:38,0
DA:47,1
DA:59,1
LF:10
LH:2
BRF:0
BRH:0
end_of_record
TN:
SF:client/src/components/Overview/StyleSelector/StyleSelectorEntry.jsx
FN:7,(anonymous_0)
FNF:1
FNH:0
FNDA:0,(anonymous_0)
DA:7,1
DA:10,0
DA:11,0
DA:12,0
DA:14,0
DA:15,0
DA:27,0
DA:34,1
DA:47,1
LF:9
LH:3
BRDA:14,0,0,0
BRDA:14,0,1,0
BRF:2
BRH:0
end_of_record
TN:
SF:client/src/components/Overview/StyledComponents/AddToCartContainer.js
FNF:0
FNH:0
DA:3,1
LF:1
LH:1
BRF:0
BRH:0
end_of_record
TN:
SF:client/src/components/Overview/StyledComponents/GalleryContainer.js
FNF:0
FNH:0
DA:3,1
LF:1
LH:1
BRF:0
BRH:0
end_of_record
TN:
SF:client/src/components/Overview/StyledComponents/InfoContainer.js
FNF:0
FNH:0
DA:3,1
LF:1
LH:1
BRF:0
BRH:0
end_of_record
TN:
SF:client/src/components/Overview/StyledComponents/LoadingDiv.js
FNF:0
FNH:0
DA:3,1
LF:1
LH:1
BRF:0
BRH:0
end_of_record
TN:
SF:client/src/components/Overview/StyledComponents/OverviewContainer.js
FNF:0
FNH:0
DA:3,1
LF:1
LH:1
BRF:0
BRH:0
end_of_record
TN:
SF:client/src/components/Overview/StyledComponents/ProductInfoContainer.js
FNF:0
FNH:0
DA:3,1
LF:1
LH:1
BRF:0
BRH:0
end_of_record
TN:
SF:client/src/components/Overview/StyledComponents/AddToCart/BagContainer.js
FNF:0
FNH:0
DA:3,1
LF:1
LH:1
BRF:0
BRH:0
end_of_record
TN:
SF:client/src/components/Overview/StyledComponents/AddToCart/InnerContainer.js
FNF:0
FNH:0
DA:3,1
LF:1
LH:1
BRF:0
BRH:0
end_of_record
TN:
SF:client/src/components/Overview/StyledComponents/AddToCart/NextRowContainer.js
FNF:0
FNH:0
DA:3,1
LF:1
LH:1
BRF:0
BRH:0
end_of_record
TN:
SF:client/src/components/Overview/StyledComponents/AddToCart/QuantitySelectorContainer.js
FNF:0
FNH:0
DA:3,1
LF:1
LH:1
BRF:0
BRH:0
end_of_record
TN:
SF:client/src/components/Overview/StyledComponents/AddToCart/SelectorContainer.js
FNF:0
FNH:0
DA:3,1
LF:1
LH:1
BRF:0
BRH:0
end_of_record
TN:
SF:client/src/components/Overview/StyledComponents/AddToCart/SizeOption.js
FNF:0
FNH:0
DA:3,1
LF:1
LH:1
BRF:0
BRH:0
end_of_record
TN:
SF:client/src/components/Overview/StyledComponents/AddToCart/SizeSelectorContainer.js
FNF:0
FNH:0
DA:3,1
LF:1
LH:1
BRF:0
BRH:0
end_of_record
TN:
SF:client/src/components/Overview/StyledComponents/ImageGallery/ExpandButton.js
FNF:0
FNH:0
DA:3,1
LF:1
LH:1
BRF:0
BRH:0
end_of_record
TN:
SF:client/src/components/Overview/StyledComponents/ImageGallery/GalleryViewerImg.js
FN:6,(anonymous_0)
FN:9,(anonymous_1)
FNF:2
FNH:0
FNDA:0,(anonymous_0)
FNDA:0,(anonymous_1)
DA:3,1
DA:6,0
DA:9,0
LF:3
LH:1
BRDA:6,0,0,0
BRDA:6,0,1,0
BRDA:9,1,0,0
BRDA:9,1,1,0
BRF:4
BRH:0
end_of_record
TN:
SF:client/src/components/Overview/StyledComponents/ImageGallery/ImageGalleryContainer.js
FN:7,(anonymous_0)
FN:8,(anonymous_1)
FNF:2
FNH:0
FNDA:0,(anonymous_0)
FNDA:0,(anonymous_1)
DA:3,1
DA:7,0
DA:8,0
LF:3
LH:1
BRDA:7,0,0,0
BRDA:7,0,1,0
BRDA:8,1,0,0
BRDA:8,1,1,0
BRF:4
BRH:0
end_of_record
TN:
SF:client/src/components/Overview/StyledComponents/ImageGallery/NavButton.js
FN:5,(anonymous_0)
FN:8,(anonymous_1)
FNF:2
FNH:0
FNDA:0,(anonymous_0)
FNDA:0,(anonymous_1)
DA:3,1
DA:5,0
DA:8,0
LF:3
LH:1
BRDA:5,0,0,0
BRDA:5,0,1,0
BRDA:8,1,0,0
BRDA:8,1,1,0
BRF:4
BRH:0
end_of_record
TN:
SF:client/src/components/Overview/StyledComponents/ImageGallery/NavContainer.js
FNF:0
FNH:0
DA:3,1
LF:1
LH:1
BRF:0
BRH:0
end_of_record
TN:
SF:client/src/components/Overview/StyledComponents/ImageGallery/NavThumbnail.js
FNF:0
FNH:0
DA:3,1
LF:1
LH:1
BRF:0
BRH:0
end_of_record
TN:
SF:client/src/components/Overview/StyledComponents/ImageGallery/NextButtonL.js
FNF:0
FNH:0
DA:3,1
LF:1
LH:1
BRF:0
BRH:0
end_of_record
TN:
SF:client/src/components/Overview/StyledComponents/ImageGallery/NextButtonR.js
FNF:0
FNH:0
DA:3,1
LF:1
LH:1
BRF:0
BRH:0
end_of_record
TN:
SF:client/src/components/Overview/StyledComponents/ProductInfo/CategoryContainer.js
FNF:0
FNH:0
DA:3,1
LF:1
LH:1
BRF:0
BRH:0
end_of_record
TN:
SF:client/src/components/Overview/StyledComponents/ProductInfo/InnerContainer.js
FNF:0
FNH:0
DA:3,1
LF:1
LH:1
BRF:0
BRH:0
end_of_record
TN:
SF:client/src/components/Overview/StyledComponents/ProductInfo/NameText.js
FNF:0
FNH:0
DA:3,1
LF:1
LH:1
BRF:0
BRH:0
end_of_record
TN:
SF:client/src/components/Overview/StyledComponents/ProductInfo/OnSaleText.js
FNF:0
FNH:0
DA:3,1
LF:1
LH:1
BRF:0
BRH:0
end_of_record
TN:
SF:client/src/components/Overview/StyledComponents/ProductInfo/PriceContainer.js
FNF:0
FNH:0
DA:3,1
LF:1
LH:1
BRF:0
BRH:0
end_of_record
TN:
SF:client/src/components/Overview/StyledComponents/ProductInfo/PriceText.js
FNF:0
FNH:0
DA:3,1
LF:1
LH:1
BRF:0
BRH:0
end_of_record
TN:
SF:client/src/components/Overview/StyledComponents/ProductInfo/ReviewsNumContainer.js
FNF:0
FNH:0
DA:3,1
LF:1
LH:1
BRF:0
BRH:0
end_of_record
TN:
SF:client/src/components/Overview/StyledComponents/ProductInfo/StarsContainer.js
FNF:0
FNH:0
DA:3,1
LF:1
LH:1
BRF:0
BRH:0
end_of_record
TN:
SF:client/src/components/Overview/StyledComponents/StyleSelector/CheckmarkContainer.js
FNF:0
FNH:0
DA:3,1
LF:1
LH:1
BRF:0
BRH:0
end_of_record
TN:
SF:client/src/components/Overview/StyledComponents/StyleSelector/CurrentStyleText.js
FNF:0
FNH:0
DA:3,1
LF:1
LH:1
BRF:0
BRH:0
end_of_record
TN:
SF:client/src/components/Overview/StyledComponents/StyleSelector/ImgContainer.js
FNF:0
FNH:0
DA:3,1
LF:1
LH:1
BRF:0
BRH:0
end_of_record
TN:
SF:client/src/components/Overview/StyledComponents/StyleSelector/InnerContainer.js
FNF:0
FNH:0
DA:3,1
LF:1
LH:1
BRF:0
BRH:0
end_of_record
TN:
SF:client/src/components/Overview/StyledComponents/StyleSelector/ListContainer.js
FNF:0
FNH:0
DA:3,1
LF:1
LH:1
BRF:0
BRH:0
end_of_record
TN:
SF:client/src/components/Overview/StyledComponents/StyleSelector/StyleImg.js
FNF:0
FNH:0
DA:3,1
LF:1
LH:1
BRF:0
BRH:0
end_of_record
TN:
SF:client/src/components/Overview/StyledComponents/StyleSelector/StylePointerText.js
FNF:0
FNH:0
DA:3,1
LF:1
LH:1
BRF:0
BRH:0
end_of_record
TN:
SF:client/src/components/Overview/StyledComponents/StyleSelector/TextWrapper.js
FNF:0
FNH:0
DA:3,1
LF:1
LH:1
BRF:0
BRH:0
end_of_record
TN:
SF:client/src/components/RatingsReviews/AverageStarRating.jsx
FN:50,getStars
FN:68,(anonymous_1)
FN:70,(anonymous_2)
FNF:3
FNH:3
FNDA:6,getStars
FNDA:6,(anonymous_1)
FNDA:30,(anonymous_2)
DA:7,1
DA:12,1
DA:23,1
DA:34,1
DA:45,1
DA:51,6
DA:52,6
DA:53,6
DA:54,6
DA:55,0
DA:56,0
DA:57,0
DA:58,0
DA:59,0
DA:61,0
DA:64,30
DA:65,6
DA:68,1
DA:69,6
DA:70,30
DA:77,1
DA:81,1
LF:22
LH:16
BRDA:54,0,0,0
BRDA:54,0,1,6
BRDA:56,1,0,0
BRDA:56,1,1,0
BRDA:58,2,0,0
BRDA:58,2,1,0
BRDA:58,3,0,0
BRDA:58,3,1,0
BRDA:64,4,0,0
BRDA:64,4,1,36
BRF:10
BRH:2
end_of_record
TN:
SF:client/src/components/RatingsReviews/CharacteristicsRefactored.jsx
FN:6,Characteristics
FN:9,(anonymous_1)
FNF:2
FNH:0
FNDA:0,Characteristics
FNDA:0,(anonymous_1)
DA:7,0
DA:8,0
DA:9,0
DA:12,0
DA:19,1
DA:23,1
LF:6
LH:2
BRF:0
BRH:0
end_of_record
TN:
SF:client/src/components/RatingsReviews/IndividualCharacteristic.jsx
FN:4,IndividualCharacteristic
FN:7,updateCurrentSelection
FN:24,(anonymous_2)
FN:31,(anonymous_3)
FN:38,(anonymous_4)
FN:45,(anonymous_5)
FN:52,(anonymous_6)
FNF:7
FNH:0
FNDA:0,IndividualCharacteristic
FNDA:0,updateCurrentSelection
FNDA:0,(anonymous_2)
FNDA:0,(anonymous_3)
FNDA:0,(anonymous_4)
FNDA:0,(anonymous_5)
FNDA:0,(anonymous_6)
DA:5,0
DA:8,0
DA:9,0
DA:10,0
DA:13,0
DA:24,0
DA:31,0
DA:38,0
DA:45,0
DA:52,0
DA:58,1
DA:63,1
LF:12
LH:2
BRF:0
BRH:0
end_of_record
TN:
SF:client/src/components/RatingsReviews/IndividualReview.jsx
FN:5,(anonymous_0)
FNF:1
FNH:0
FNDA:0,(anonymous_0)
DA:5,1
DA:13,0
DA:16,0
DA:17,0
DA:20,0
DA:21,0
DA:23,0
DA:36,1
DA:41,1
LF:9
LH:3
BRDA:16,0,0,0
BRDA:16,0,1,0
BRF:2
BRH:0
end_of_record
TN:
SF:client/src/components/RatingsReviews/NewReview.jsx
FN:7,(anonymous_0)
FN:16,(anonymous_1)
FN:22,(anonymous_2)
FN:26,(anonymous_3)
FNF:4
FNH:2
FNDA:6,(anonymous_0)
FNDA:0,(anonymous_1)
FNDA:0,(anonymous_2)
FNDA:6,(anonymous_3)
DA:8,6
DA:9,6
DA:12,6
DA:13,6
DA:17,0
DA:23,0
DA:27,6
DA:28,6
DA:29,6
DA:30,6
DA:36,0
DA:54,1
DA:58,1
LF:13
LH:10
BRDA:29,0,0,6
BRDA:29,0,1,0
BRF:2
BRH:1
end_of_record
TN:
SF:client/src/components/RatingsReviews/NewReviewForm.jsx
FN:7,(anonymous_0)
FN:15,(anonymous_1)
FN:23,(anonymous_2)
FN:75,(anonymous_3)
FNF:4
FNH:0
FNDA:0,(anonymous_0)
FNDA:0,(anonymous_1)
FNDA:0,(anonymous_2)
FNDA:0,(anonymous_3)
DA:8,0
DA:9,0
DA:11,0
DA:12,0
DA:16,0
DA:17,0
DA:18,0
DA:24,0
DA:25,0
DA:38,0
DA:40,0
DA:41,0
DA:43,0
DA:44,0
DA:46,0
DA:47,0
DA:49,0
DA:50,0
DA:52,0
DA:53,0
DA:55,0
DA:56,0
DA:58,0
DA:59,0
DA:61,0
DA:62,0
DA:64,0
DA:65,0
DA:67,0
DA:68,0
DA:70,0
DA:71,0
DA:76,0
LF:33
LH:0
BRDA:40,0,0,0
BRDA:40,0,1,0
BRDA:43,1,0,0
BRDA:43,1,1,0
BRDA:46,2,0,0
BRDA:46,2,1,0
BRDA:49,3,0,0
BRDA:49,3,1,0
BRDA:52,4,0,0
BRDA:52,4,1,0
BRDA:55,5,0,0
BRDA:55,5,1,0
BRDA:58,6,0,0
BRDA:58,6,1,0
BRDA:61,7,0,0
BRDA:61,7,1,0
BRDA:64,8,0,0
BRDA:64,8,1,0
BRDA:67,9,0,0
BRDA:67,9,1,0
BRDA:70,10,0,0
BRDA:70,10,1,0
BRF:22
BRH:0
end_of_record
TN:
SF:client/src/components/RatingsReviews/RatingSummary.jsx
FN:5,(anonymous_0)
FN:7,(anonymous_1)
FN:16,(anonymous_2)
FN:18,(anonymous_3)
FN:26,(anonymous_4)
FNF:5
FNH:2
FNDA:6,(anonymous_0)
FNDA:0,(anonymous_1)
FNDA:6,(anonymous_2)
FNDA:0,(anonymous_3)
FNDA:0,(anonymous_4)
DA:5,1
DA:6,6
DA:7,6
DA:8,0
DA:9,0
DA:10,0
DA:12,0
DA:13,0
DA:16,6
DA:17,6
DA:18,6
DA:19,0
DA:20,0
DA:21,0
DA:26,6
DA:27,0
DA:31,6
DA:41,1
DA:45,1
LF:19
LH:10
BRDA:19,0,0,0
BRDA:19,0,1,0
BRDA:20,1,0,0
BRDA:20,1,1,0
BRDA:20,2,0,0
BRDA:20,2,1,0
BRF:6
BRH:0
end_of_record
TN:
SF:client/src/components/RatingsReviews/Ratings.jsx
FN:10,(anonymous_0)
FN:18,(anonymous_1)
FN:31,(anonymous_2)
FNF:3
FNH:2
FNDA:6,(anonymous_0)
FNDA:0,(anonymous_1)
FNDA:6,(anonymous_2)
DA:11,6
DA:12,6
DA:14,6
DA:19,0
DA:20,0
DA:21,0
DA:22,0
DA:23,0
DA:24,0
DA:27,0
DA:28,0
DA:32,6
DA:33,6
DA:34,6
DA:63,1
DA:68,1
LF:16
LH:8
BRDA:23,0,0,0
BRDA:23,0,1,0
BRDA:38,1,0,6
BRDA:38,1,1,0
BRDA:38,1,2,0
BRF:5
BRH:1
end_of_record
TN:
SF:client/src/components/RatingsReviews/RatingsReviews.jsx
FN:8,(anonymous_0)
FN:15,(anonymous_1)
FN:19,(anonymous_2)
FNF:3
FNH:2
FNDA:6,(anonymous_0)
FNDA:0,(anonymous_1)
FNDA:6,(anonymous_2)
DA:9,6
DA:10,6
DA:20,6
DA:21,6
DA:30,1
DA:46,1
LF:6
LH:6
BRF:0
BRH:0
end_of_record
TN:
SF:client/src/components/RatingsReviews/ReviewsList.jsx
FN:7,ReviewsList
FN:13,(anonymous_1)
FN:18,(anonymous_2)
FN:19,(anonymous_3)
FN:28,(anonymous_4)
FNF:5
FNH:2
FNDA:6,ReviewsList
FNDA:6,(anonymous_1)
FNDA:0,(anonymous_2)
FNDA:0,(anonymous_3)
FNDA:0,(anonymous_4)
DA:8,6
DA:9,6
DA:11,6
DA:13,6
DA:14,6
DA:18,6
DA:19,0
DA:22,6
DA:28,0
DA:39,1
DA:43,1
LF:11
LH:9
BRDA:26,0,0,6
BRDA:26,0,1,0
BRDA:32,1,0,6
BRDA:32,1,1,0
BRDA:32,1,2,0
BRDA:32,1,3,0
BRF:6
BRH:2
end_of_record
TN:
SF:client/src/components/RatingsReviews/StarRatings.jsx
FN:49,getStars
FN:67,(anonymous_1)
FN:69,(anonymous_2)
FNF:3
FNH:0
FNDA:0,getStars
FNDA:0,(anonymous_1)
FNDA:0,(anonymous_2)
DA:6,1
DA:11,1
DA:22,1
DA:33,1
DA:44,1
DA:50,0
DA:51,0
DA:52,0
DA:53,0
DA:54,0
DA:55,0
DA:56,0
DA:57,0
DA:58,0
DA:60,0
DA:63,0
DA:64,0
DA:67,1
DA:68,0
DA:69,0
LF:20
LH:6
BRDA:53,0,0,0
BRDA:53,0,1,0
BRDA:55,1,0,0
BRDA:55,1,1,0
BRDA:57,2,0,0
BRDA:57,2,1,0
BRDA:57,3,0,0
BRDA:57,3,1,0
BRDA:63,4,0,0
BRDA:63,4,1,0
BRF:10
BRH:0
end_of_record
TN:
SF:client/src/components/RatingsReviews/charOptions.js
FNF:0
FNH:0
DA:1,1
LF:1
LH:1
BRF:0
BRH:0
end_of_record
TN:
SF:client/src/components/RatingsReviews/ProductBreakdown/IndividualFactor.jsx
FN:5,IndividualFactor
FNF:1
FNH:0
FNDA:0,IndividualFactor
DA:9,0
DA:19,0
DA:40,1
DA:47,1
LF:4
LH:2
BRF:0
BRH:0
end_of_record
TN:
SF:client/src/components/RatingsReviews/ProductBreakdown/Options.js
FNF:0
FNH:0
DA:1,1
LF:1
LH:1
BRF:0
BRH:0
end_of_record
TN:
SF:client/src/components/RatingsReviews/ProductBreakdown/ProductBreakdownContainer.jsx
FN:8,ProductBreakdownContainer
FN:13,(anonymous_1)
FN:15,(anonymous_2)
FN:16,(anonymous_3)
FN:17,(anonymous_4)
FN:18,(anonymous_5)
FN:20,(anonymous_6)
FN:26,(anonymous_7)
FNF:8
FNH:0
FNDA:0,ProductBreakdownContainer
FNDA:0,(anonymous_1)
FNDA:0,(anonymous_2)
FNDA:0,(anonymous_3)
FNDA:0,(anonymous_4)
FNDA:0,(anonymous_5)
FNDA:0,(anonymous_6)
FNDA:0,(anonymous_7)
DA:9,0
DA:10,0
DA:11,0
DA:13,0
DA:14,0
DA:16,0
DA:17,0
DA:18,0
DA:22,0
DA:26,0
DA:27,0
DA:41,0
DA:48,1
DA:52,1
LF:14
LH:2
BRDA:28,0,0,0
BRDA:28,0,1,0
BRDA:28,0,2,0
BRF:3
BRH:0
end_of_record
TN:
SF:client/src/components/RatingsReviews/RatingsBreakdown/IndividualBar.jsx
FN:5,IndividualBar
FNF:1
FNH:0
FNDA:0,IndividualBar
DA:6,0
DA:7,0
DA:8,0
DA:9,0
DA:11,0
DA:12,0
DA:13,0
DA:14,0
DA:18,0
DA:21,0
DA:29,0
DA:48,1
DA:54,1
LF:13
LH:2
BRDA:13,0,0,0
BRDA:13,0,1,0
BRF:2
BRH:0
end_of_record
TN:
SF:client/src/components/RatingsReviews/RatingsBreakdown/RatingsBreakdownContainer.jsx
FN:5,RatingsBreakdownContainer
FN:7,(anonymous_1)
FNF:2
FNH:0
FNDA:0,RatingsBreakdownContainer
FNDA:0,(anonymous_1)
DA:6,0
DA:7,0
DA:8,0
DA:16,0
DA:23,1
DA:29,1
LF:6
LH:2
BRF:0
BRH:0
end_of_record
TN:
SF:client/src/components/RatingsReviews/styledComponents/AvgRatingContainer.js
FNF:0
FNH:0
DA:3,1
LF:1
LH:1
BRF:0
BRH:0
end_of_record
TN:
SF:client/src/components/RatingsReviews/styledComponents/BarContainer.js
FNF:0
FNH:0
DA:3,1
LF:1
LH:1
BRF:0
BRH:0
end_of_record
TN:
SF:client/src/components/RatingsReviews/styledComponents/FactorsContainer.js
FNF:0
FNH:0
DA:3,1
LF:1
LH:1
BRF:0
BRH:0
end_of_record
TN:
SF:client/src/components/RatingsReviews/styledComponents/IndividualStarContainer.js
FNF:0
FNH:0
DA:3,1
LF:1
LH:1
BRF:0
BRH:0
end_of_record
TN:
SF:client/src/components/RatingsReviews/styledComponents/ModalContainer.js
FNF:0
FNH:0
DA:3,1
LF:1
LH:1
BRF:0
BRH:0
end_of_record
TN:
SF:client/src/components/RatingsReviews/styledComponents/ProductBreakdownWrapper.js
FNF:0
FNH:0
DA:3,1
LF:1
LH:1
BRF:0
BRH:0
end_of_record
TN:
SF:client/src/components/RatingsReviews/styledComponents/RatingsContainer.js
FNF:0
FNH:0
DA:3,1
LF:1
LH:1
BRF:0
BRH:0
end_of_record
TN:
SF:client/src/components/RatingsReviews/styledComponents/RatingsReviewsContainer.js
FNF:0
FNH:0
DA:3,1
LF:1
LH:1
BRF:0
BRH:0
end_of_record
TN:
SF:client/src/components/RatingsReviews/styledComponents/ReviewListContainer.js
FNF:0
FNH:0
DA:3,1
LF:1
LH:1
BRF:0
BRH:0
end_of_record
TN:
SF:client/src/components/RatingsReviews/styledComponents/StarRatingContainer.js
FN:7,(anonymous_0)
FN:9,(anonymous_1)
FN:11,(anonymous_2)
FNF:3
FNH:3
FNDA:6,(anonymous_0)
FNDA:6,(anonymous_1)
FNDA:6,(anonymous_2)
DA:5,1
DA:7,6
DA:9,6
DA:11,6
LF:4
LH:4
BRDA:7,0,0,6
BRDA:7,0,1,0
BRDA:9,1,0,6
BRDA:9,1,1,0
BRDA:11,2,0,6
BRDA:11,2,1,0
BRF:6
BRH:3
end_of_record
TN:
SF:client/src/components/RelatedItemsOutfit/RelatedItemsOutfit.jsx
FN:25,(anonymous_0)
FN:29,(anonymous_1)
FN:45,(anonymous_2)
FN:46,(anonymous_3)
FN:57,(anonymous_4)
FN:60,(anonymous_5)
FN:62,(anonymous_6)
FN:65,(anonymous_7)
FN:67,(anonymous_8)
FN:71,(anonymous_9)
FN:74,(anonymous_10)
FN:76,(anonymous_11)
FN:86,(anonymous_12)
FN:127,(anonymous_13)
FN:134,(anonymous_14)
FN:138,(anonymous_15)
FN:140,(anonymous_16)
FN:145,(anonymous_17)
FN:151,(anonymous_18)
FN:192,(anonymous_19)
FN:225,(anonymous_20)
FN:235,(anonymous_21)
FN:243,(anonymous_22)
FN:250,(anonymous_23)
FN:254,(anonymous_24)
FN:255,(anonymous_25)
FN:256,(anonymous_26)
FN:257,(anonymous_27)
FN:258,(anonymous_28)
FN:259,(anonymous_29)
FN:278,(anonymous_30)
FN:279,(anonymous_31)
FN:280,(anonymous_32)
FN:281,(anonymous_33)
FN:282,(anonymous_34)
FN:283,(anonymous_35)
FNF:36
FNH:10
FNDA:24,(anonymous_0)
FNDA:12,(anonymous_1)
FNDA:6,(anonymous_2)
FNDA:12,(anonymous_3)
FNDA:6,(anonymous_4)
FNDA:6,(anonymous_5)
FNDA:0,(anonymous_6)
FNDA:0,(anonymous_7)
FNDA:0,(anonymous_8)
FNDA:0,(anonymous_9)
FNDA:0,(anonymous_10)
FNDA:0,(anonymous_11)
FNDA:12,(anonymous_12)
FNDA:6,(anonymous_13)
FNDA:6,(anonymous_14)
FNDA:6,(anonymous_15)
FNDA:0,(anonymous_16)
FNDA:0,(anonymous_17)
FNDA:0,(anonymous_18)
FNDA:0,(anonymous_19)
FNDA:0,(anonymous_20)
FNDA:0,(anonymous_21)
FNDA:0,(anonymous_22)
FNDA:0,(anonymous_23)
FNDA:0,(anonymous_24)
FNDA:0,(anonymous_25)
FNDA:0,(anonymous_26)
FNDA:0,(anonymous_27)
FNDA:0,(anonymous_28)
FNDA:0,(anonymous_29)
FNDA:0,(anonymous_30)
FNDA:0,(anonymous_31)
FNDA:0,(anonymous_32)
FNDA:0,(anonymous_33)
FNDA:0,(anonymous_34)
FNDA:0,(anonymous_35)
DA:19,1
DA:25,24
DA:29,1
DA:32,12
DA:33,12
DA:34,12
DA:35,12
DA:36,12
DA:37,12
DA:42,12
DA:43,12
DA:45,12
DA:46,6
DA:47,12
DA:48,12
DA:50,0
DA:53,6
DA:54,6
DA:55,6
DA:56,6
DA:57,6
DA:59,6
DA:60,6
DA:62,6
DA:63,0
DA:64,0
DA:65,0
DA:66,0
DA:67,0
DA:70,6
DA:71,6
DA:74,12
DA:75,0
DA:77,0
DA:78,0
DA:80,0
DA:81,0
DA:82,0
DA:83,0
DA:86,12
DA:87,12
DA:88,12
DA:89,12
DA:90,0
DA:91,0
DA:92,0
DA:93,0
DA:94,0
DA:96,0
DA:99,0
DA:100,0
DA:101,0
DA:103,0
DA:107,12
DA:108,0
DA:109,0
DA:110,0
DA:111,0
DA:112,0
DA:114,0
DA:117,0
DA:118,0
DA:119,0
DA:121,0
DA:127,12
DA:128,6
DA:129,0
DA:130,0
DA:134,12
DA:135,6
DA:138,12
DA:139,6
DA:140,6
DA:141,0
DA:142,0
DA:145,6
DA:146,0
DA:147,0
DA:151,12
DA:153,0
DA:154,0
DA:155,0
DA:156,0
DA:157,0
DA:158,0
DA:159,0
DA:160,0
DA:161,0
DA:162,0
DA:164,0
DA:165,0
DA:168,0
DA:169,0
DA:172,0
DA:173,0
DA:174,0
DA:175,0
DA:176,0
DA:177,0
DA:178,0
DA:179,0
DA:180,0
DA:182,0
DA:183,0
DA:186,0
DA:187,0
DA:192,12
DA:194,0
DA:195,0
DA:196,0
DA:197,0
DA:198,0
DA:199,0
DA:200,0
DA:201,0
DA:202,0
DA:205,0
DA:206,0
DA:209,0
DA:210,0
DA:211,0
DA:212,0
DA:213,0
DA:214,0
DA:215,0
DA:216,0
DA:219,0
DA:220,0
DA:225,12
DA:227,0
DA:228,0
DA:230,0
DA:232,0
DA:233,0
DA:234,0
DA:235,0
DA:238,12
DA:243,0
DA:250,0
DA:254,0
DA:255,0
DA:256,0
DA:257,0
DA:258,0
DA:259,0
DA:278,0
DA:279,0
DA:280,0
DA:281,0
DA:282,0
DA:283,0
DA:291,1
DA:295,1
DA:320,1
LF:154
LH:46
BRDA:25,0,0,12
BRDA:25,0,1,12
BRDA:47,1,0,12
BRDA:47,1,1,0
BRDA:56,2,0,6
BRDA:56,2,1,0
BRDA:59,3,0,6
BRDA:59,3,1,0
BRDA:64,4,0,0
BRDA:64,4,1,0
BRDA:66,5,0,0
BRDA:66,5,1,0
BRDA:89,6,0,0
BRDA:89,6,1,12
BRDA:91,7,0,0
BRDA:91,7,1,0
BRDA:91,8,0,0
BRDA:91,8,1,0
BRDA:93,9,0,0
BRDA:93,9,1,0
BRDA:100,10,0,0
BRDA:100,10,1,0
BRDA:107,11,0,0
BRDA:107,11,1,12
BRDA:109,12,0,0
BRDA:109,12,1,0
BRDA:109,13,0,0
BRDA:109,13,1,0
BRDA:111,14,0,0
BRDA:111,14,1,0
BRDA:118,15,0,0
BRDA:118,15,1,0
BRDA:128,16,0,0
BRDA:128,16,1,6
BRDA:141,17,0,0
BRDA:141,17,1,0
BRDA:153,18,0,0
BRDA:153,18,1,0
BRDA:156,19,0,0
BRDA:156,19,1,0
BRDA:160,20,0,0
BRDA:160,20,1,0
BRDA:164,21,0,0
BRDA:164,21,1,0
BRDA:174,22,0,0
BRDA:174,22,1,0
BRDA:178,23,0,0
BRDA:178,23,1,0
BRDA:182,24,0,0
BRDA:182,24,1,0
BRDA:194,25,0,0
BRDA:194,25,1,0
BRDA:197,26,0,0
BRDA:197,26,1,0
BRDA:200,27,0,0
BRDA:200,27,1,0
BRDA:211,28,0,0
BRDA:211,28,1,0
BRDA:214,29,0,0
BRDA:214,29,1,0
BRDA:227,30,0,0
BRDA:227,30,1,0
BRDA:243,31,0,0
BRDA:243,31,1,12
BRDA:249,32,0,0
BRDA:249,32,1,12
BRDA:250,33,0,0
BRDA:250,33,1,12
BRDA:252,34,0,0
BRDA:252,34,1,12
BRDA:252,35,0,12
BRDA:252,35,1,12
BRDA:266,36,0,0
BRDA:266,36,1,12
BRDA:273,37,0,0
BRDA:273,37,1,12
BRDA:274,38,0,0
BRDA:274,38,1,12
BRDA:276,39,0,0
BRDA:276,39,1,12
BRDA:276,40,0,12
BRDA:276,40,1,12
BRF:82
BRH:20
end_of_record
TN:
SF:client/src/components/RelatedItemsOutfit/Outfit/outfitCard.jsx
FN:8,(anonymous_0)
FN:9,(anonymous_1)
FN:9,(anonymous_2)
FN:10,(anonymous_3)
FNF:4
FNH:0
FNDA:0,(anonymous_0)
FNDA:0,(anonymous_1)
FNDA:0,(anonymous_2)
FNDA:0,(anonymous_3)
DA:8,1
DA:9,0
DA:10,0
DA:18,1
DA:37,1
LF:5
LH:3
BRF:0
BRH:0
end_of_record
TN:
SF:client/src/components/RelatedItemsOutfit/Outfit/outfitList.jsx
FN:10,(anonymous_0)
FN:17,(anonymous_1)
FN:19,(anonymous_2)
FN:22,(anonymous_3)
FN:25,(anonymous_4)
FN:30,(anonymous_5)
FN:33,(anonymous_6)
FN:35,(anonymous_7)
FN:40,(anonymous_8)
FN:44,(anonymous_9)
FN:60,(anonymous_10)
FN:65,(anonymous_11)
FN:67,(anonymous_12)
FN:70,(anonymous_13)
FN:78,(anonymous_14)
FN:80,(anonymous_15)
FN:82,(anonymous_16)
FN:86,(anonymous_17)
FN:90,(anonymous_18)
FN:99,(anonymous_19)
FN:101,(anonymous_20)
FNF:21
FNH:7
FNDA:12,(anonymous_0)
FNDA:0,(anonymous_1)
FNDA:6,(anonymous_2)
FNDA:12,(anonymous_3)
FNDA:6,(anonymous_4)
FNDA:6,(anonymous_5)
FNDA:0,(anonymous_6)
FNDA:0,(anonymous_7)
FNDA:6,(anonymous_8)
FNDA:0,(anonymous_9)
FNDA:0,(anonymous_10)
FNDA:0,(anonymous_11)
FNDA:0,(anonymous_12)
FNDA:0,(anonymous_13)
FNDA:0,(anonymous_14)
FNDA:0,(anonymous_15)
FNDA:0,(anonymous_16)
FNDA:0,(anonymous_17)
FNDA:0,(anonymous_18)
FNDA:12,(anonymous_19)
FNDA:0,(anonymous_20)
DA:10,1
DA:13,12
DA:17,12
DA:19,12
DA:22,12
DA:23,12
DA:25,12
DA:26,6
DA:27,6
DA:30,12
DA:31,6
DA:32,6
DA:36,0
DA:40,12
DA:41,6
DA:44,12
DA:45,0
DA:60,0
DA:61,0
DA:62,0
DA:64,0
DA:66,0
DA:68,0
DA:71,0
DA:74,0
DA:75,0
DA:78,12
DA:79,0
DA:81,0
DA:83,0
DA:84,0
DA:87,0
DA:91,0
DA:94,0
DA:97,12
DA:100,12
DA:101,0
DA:126,1
DA:153,1
LF:39
LH:20
BRDA:17,0,0,0
BRDA:17,0,1,0
BRDA:19,1,0,6
BRDA:19,1,1,0
BRDA:22,2,0,0
BRDA:27,3,0,5
BRDA:27,3,1,1
BRDA:62,4,0,0
BRDA:62,4,1,0
BRDA:100,5,0,12
BRDA:100,5,1,0
BRF:11
BRH:4
end_of_record
TN:
SF:client/src/components/RelatedItemsOutfit/RelatedItems/comparissonModal.jsx
FN:9,(anonymous_0)
FN:12,(anonymous_1)
FN:24,(anonymous_2)
FNF:3
FNH:0
FNDA:0,(anonymous_0)
FNDA:0,(anonymous_1)
FNDA:0,(anonymous_2)
DA:9,1
DA:12,0
DA:24,0
DA:33,1
DA:40,1
LF:5
LH:3
BRF:0
BRH:0
end_of_record
TN:
SF:client/src/components/RelatedItemsOutfit/RelatedItems/descriptions.jsx
FN:7,(anonymous_0)
FNF:1
FNH:0
FNDA:0,(anonymous_0)
DA:7,1
DA:8,0
DA:34,1
DA:37,1
DA:55,1
LF:5
LH:4
BRDA:13,0,0,0
BRDA:13,0,1,0
BRDA:22,1,0,0
BRDA:22,1,1,0
BRF:4
BRH:0
end_of_record
TN:
SF:client/src/components/RelatedItemsOutfit/RelatedItems/imageGallery.jsx
FN:7,(anonymous_0)
FN:16,(anonymous_1)
FN:23,(anonymous_2)
FN:30,(anonymous_3)
FN:34,(anonymous_4)
FN:34,(anonymous_5)
FNF:6
FNH:0
FNDA:0,(anonymous_0)
FNDA:0,(anonymous_1)
FNDA:0,(anonymous_2)
FNDA:0,(anonymous_3)
FNDA:0,(anonymous_4)
FNDA:0,(anonymous_5)
DA:8,0
DA:9,0
DA:12,0
DA:13,0
DA:17,0
DA:18,0
DA:24,0
DA:25,0
DA:31,0
DA:32,0
DA:33,0
DA:34,0
DA:40,1
DA:43,1
DA:48,1
LF:15
LH:3
BRDA:34,0,0,0
BRDA:34,0,1,0
BRDA:35,1,0,0
BRDA:35,1,1,0
BRF:4
BRH:0
end_of_record
TN:
SF:client/src/components/RelatedItemsOutfit/RelatedItems/productCard.jsx
FN:9,(anonymous_0)
FN:12,(anonymous_1)
FN:12,(anonymous_2)
FN:13,(anonymous_3)
FNF:4
FNH:1
FNDA:5,(anonymous_0)
FNDA:0,(anonymous_1)
FNDA:0,(anonymous_2)
FNDA:0,(anonymous_3)
DA:9,1
DA:12,5
DA:13,0
DA:18,1
DA:21,1
DA:41,1
LF:6
LH:5
BRF:0
BRH:0
end_of_record
TN:
SF:client/src/components/RelatedItemsOutfit/RelatedItems/relatedItemsList.jsx
FN:6,(anonymous_0)
FN:10,(anonymous_1)
FNF:2
FNH:1
FNDA:12,(anonymous_0)
FNDA:0,(anonymous_1)
DA:6,1
DA:9,12
DA:11,0
DA:23,1
DA:29,1
LF:5
LH:4
BRF:0
BRH:0
end_of_record
TN:
SF:client/src/components/RelatedItemsOutfit/sharedComponents/StarRatings.jsx
FN:51,getStars
FN:69,(anonymous_1)
FN:71,(anonymous_2)
FNF:3
FNH:0
FNDA:0,getStars
FNDA:0,(anonymous_1)
FNDA:0,(anonymous_2)
DA:8,1
DA:13,1
DA:24,1
DA:35,1
DA:46,1
DA:52,0
DA:53,0
DA:54,0
DA:55,0
DA:56,0
DA:57,0
DA:58,0
DA:59,0
DA:60,0
DA:62,0
DA:65,0
DA:66,0
DA:69,1
DA:70,0
DA:71,0
DA:77,1
DA:81,1
LF:22
LH:8
BRDA:55,0,0,0
BRDA:55,0,1,0
BRDA:57,1,0,0
BRDA:57,1,1,0
BRDA:59,2,0,0
BRDA:59,2,1,0
BRDA:65,3,0,0
BRDA:65,3,1,0
BRF:8
BRH:0
end_of_record
TN:
SF:client/src/components/RelatedItemsOutfit/sharedComponents/starReviews.jsx
FN:5,(anonymous_0)
FN:7,(anonymous_1)
FN:16,(anonymous_2)
FN:18,(anonymous_3)
FN:25,(anonymous_4)
FNF:5
FNH:0
FNDA:0,(anonymous_0)
FNDA:0,(anonymous_1)
FNDA:0,(anonymous_2)
FNDA:0,(anonymous_3)
FNDA:0,(anonymous_4)
DA:5,1
DA:6,0
DA:7,0
DA:8,0
DA:9,0
DA:10,0
DA:12,0
DA:13,0
DA:16,0
DA:17,0
DA:18,0
DA:19,0
DA:20,0
DA:21,0
DA:25,0
DA:26,0
DA:30,0
DA:37,1
DA:41,1
LF:19
LH:3
BRDA:19,0,0,0
BRDA:19,0,1,0
BRDA:20,1,0,0
BRDA:20,1,1,0
BRDA:20,2,0,0
BRDA:20,2,1,0
BRF:6
BRH:0
end_of_record
TN:
SF:client/src/components/RelatedItemsOutfit/styledComponents/sharedStyledC/IndividualStarContainer.js
FNF:0
FNH:0
DA:3,1
LF:1
LH:1
BRF:0
BRH:0
end_of_record
TN:
SF:client/src/components/RelatedItemsOutfit/styledComponents/sharedStyledC/StarRatingContainer.js
FNF:0
FNH:0
DA:3,1
LF:1
LH:1
BRF:0
BRH:0
end_of_record
TN:
SF:client/src/components/RelatedItemsOutfit/styledComponents/sharedStyledC/allCarouselContainer.js
FNF:0
FNH:0
DA:3,1
LF:1
LH:1
BRF:0
BRH:0
end_of_record
TN:
SF:client/src/components/RelatedItemsOutfit/styledComponents/sharedStyledC/buttonContainer.js
FNF:0
FNH:0
DA:3,1
LF:1
LH:1
BRF:0
BRH:0
end_of_record
TN:
SF:client/src/components/RelatedItemsOutfit/styledComponents/sharedStyledC/navigationContainer.js
FNF:0
FNH:0
DA:3,1
DA:22,1
LF:2
LH:2
BRF:0
BRH:0
end_of_record
TN:
SF:client/src/components/RelatedItemsOutfit/styledComponents/styledOutfit/addOutfitContainer.js
FNF:0
FNH:0
DA:3,1
LF:1
LH:1
BRF:0
BRH:0
end_of_record
TN:
SF:client/src/components/RelatedItemsOutfit/styledComponents/styledOutfit/addOutfitText.js
FNF:0
FNH:0
DA:3,1
LF:1
LH:1
BRF:0
BRH:0
end_of_record
TN:
SF:client/src/components/RelatedItemsOutfit/styledComponents/styledOutfit/outfitAction.js
FNF:0
FNH:0
DA:3,1
LF:1
LH:1
BRF:0
BRH:0
end_of_record
TN:
SF:client/src/components/RelatedItemsOutfit/styledComponents/styledOutfit/outfitContainer.js
FNF:0
FNH:0
DA:3,1
LF:1
LH:1
BRF:0
BRH:0
end_of_record
TN:
SF:client/src/components/RelatedItemsOutfit/styledComponents/styledOutfit/outfitItemsContainer.js
FNF:0
FNH:0
DA:3,1
LF:1
LH:1
BRF:0
BRH:0
end_of_record
TN:
SF:client/src/components/RelatedItemsOutfit/styledComponents/styledRelated/compareContainer.js
FNF:0
FNH:0
DA:3,1
LF:1
LH:1
BRF:0
BRH:0
end_of_record
TN:
SF:client/src/components/RelatedItemsOutfit/styledComponents/styledRelated/descriptionsContainer.js
FNF:0
FNH:0
DA:3,1
LF:1
LH:1
BRF:0
BRH:0
end_of_record
TN:
SF:client/src/components/RelatedItemsOutfit/styledComponents/styledRelated/image.js
FNF:0
FNH:0
DA:3,1
LF:1
LH:1
BRF:0
BRH:0
end_of_record
TN:
SF:client/src/components/RelatedItemsOutfit/styledComponents/styledRelated/imageContainer.js
FNF:0
FNH:0
DA:3,1
LF:1
LH:1
BRF:0
BRH:0
end_of_record
TN:
SF:client/src/components/RelatedItemsOutfit/styledComponents/styledRelated/left.js
FNF:0
FNH:0
DA:3,1
LF:1
LH:1
BRF:0
BRH:0
end_of_record
TN:
SF:client/src/components/RelatedItemsOutfit/styledComponents/styledRelated/modal.js
FNF:0
FNH:0
DA:3,1
LF:1
LH:1
BRF:0
BRH:0
end_of_record
TN:
SF:client/src/components/RelatedItemsOutfit/styledComponents/styledRelated/modalContainer.js
FNF:0
FNH:0
DA:3,1
LF:1
LH:1
BRF:0
BRH:0
end_of_record
TN:
SF:client/src/components/RelatedItemsOutfit/styledComponents/styledRelated/productContainer.js
FNF:0
FNH:0
DA:4,1
DA:21,1
LF:2
LH:2
BRF:0
BRH:0
end_of_record
TN:
SF:client/src/components/RelatedItemsOutfit/styledComponents/styledRelated/relatedAction.js
FNF:0
FNH:0
DA:3,1
DA:20,1
LF:2
LH:2
BRF:0
BRH:0
end_of_record
TN:
SF:client/src/components/RelatedItemsOutfit/styledComponents/styledRelated/relatedContainer.js
FNF:0
FNH:0
DA:3,1
LF:1
LH:1
BRF:0
BRH:0
end_of_record
TN:
SF:client/src/components/RelatedItemsOutfit/styledComponents/styledRelated/relatedItemsContainer.js
FNF:0
FNH:0
DA:3,1
LF:1
LH:1
BRF:0
BRH:0
end_of_record
TN:
SF:client/src/components/RelatedItemsOutfit/styledComponents/styledRelated/right.js
FNF:0
FNH:0
DA:3,1
LF:1
LH:1
BRF:0
BRH:0
end_of_record
TN:
SF:client/src/components/RelatedItemsOutfit/styledComponents/styledRelated/salePrice.js
FNF:0
FNH:0
DA:3,1
LF:1
LH:1
BRF:0
BRH:0
end_of_record
TN:
SF:client/src/components/RelatedItemsOutfit/styledComponents/styledRelated/svgArrowL.js
FNF:0
FNH:0
DA:3,1
LF:1
LH:1
BRF:0
BRH:0
end_of_record
TN:
SF:client/src/components/RelatedItemsOutfit/styledComponents/styledRelated/svgArrowR.js
FNF:0
FNH:0
DA:3,1
LF:1
LH:1
BRF:0
BRH:0
end_of_record
TN:
SF:client/src/components/RelatedItemsOutfit/styledComponents/styledRelated/title.js
FNF:0
FNH:0
DA:3,1
DA:11,1
LF:2
LH:2
BRF:0
BRH:0
end_of_record
TN:
SF:client/src/components/RelatedItemsOutfit/styledComponents/styledRelated/titleContainer.js
FNF:0
FNH:0
DA:3,1
LF:1
LH:1
BRF:0
BRH:0
end_of_record
